Log file open, 11/30/17 11:14:42
LogWindows: LoadLibraryWithSearchPaths failed for file aqProf.dll. GetLastError=0
LogWindows: LoadLibraryWithSearchPaths failed for file VtuneApi.dll. GetLastError=0
LogWindows: LoadLibraryWithSearchPaths failed for file VtuneApi32e.dll. GetLastError=0
LogInit: Display: Running engine for game: MMC_Off_Recreation
LogPlatformFile: Not using cached read wrapper
LogInit: Display: RandInit(-1695547137) SRandInit(-1695547137).
LogTaskGraph: Started task graph with 5 named threads and 14 total threads with 3 sets of task threads.
LogStats: Stats thread started at 0.162695
LogD3D11RHI: Aftermath initialized
LogPluginManager: Mounting plugin Paper2D
LogPluginManager: Mounting plugin LightPropagationVolume
LogPluginManager: Mounting plugin CodeLiteSourceCodeAccess
LogPluginManager: Mounting plugin GitSourceControl
LogPluginManager: Mounting plugin KDevelopSourceCodeAccess
LogPluginManager: Mounting plugin NullSourceCodeAccess
LogPluginManager: Mounting plugin PerforceSourceControl
LogPluginManager: Mounting plugin SubversionSourceControl
LogPluginManager: Mounting plugin UObjectPlugin
LogPluginManager: Mounting plugin VisualStudioSourceCodeAccess
LogPluginManager: Mounting plugin XCodeSourceCodeAccess
LogPluginManager: Mounting plugin AssetManagerEditor
LogPluginManager: Mounting plugin AudioCapture
LogPluginManager: Mounting plugin FacialAnimation
LogPluginManager: Mounting plugin GameplayTagsEditor
LogPluginManager: Mounting plugin MobileLauncherProfileWizard
LogPluginManager: Mounting plugin PluginBrowser
LogPluginManager: Mounting plugin SpeedTreeImporter
LogPluginManager: Mounting plugin AlembicImporter
LogPluginManager: Mounting plugin CharacterAI
LogPluginManager: Mounting plugin HTML5Networking
LogPluginManager: Mounting plugin AndroidMedia
LogPluginManager: Mounting plugin AvfMedia
LogPluginManager: Mounting plugin MediaPlayerEditor
LogPluginManager: Mounting plugin WmfMedia
LogPluginManager: Mounting plugin TcpMessaging
LogPluginManager: Mounting plugin UdpMessaging
LogPluginManager: Mounting plugin LevelSequenceEditor
LogPluginManager: Mounting plugin MatineeToLevelSequence
LogPluginManager: Mounting plugin OnlineSubsystemGooglePlay
LogPluginManager: Mounting plugin OnlineSubsystemIOS
LogPluginManager: Mounting plugin OnlineSubsystem
LogPluginManager: Mounting plugin OnlineSubsystemNull
LogPluginManager: Mounting plugin OnlineSubsystemUtils
LogPluginManager: Mounting plugin AndroidDeviceProfileSelector
LogPluginManager: Mounting plugin AndroidMoviePlayer
LogPluginManager: Mounting plugin AndroidPermission
LogPluginManager: Mounting plugin AppleMoviePlayer
LogPluginManager: Mounting plugin ArchVisCharacter
LogPluginManager: Mounting plugin CableComponent
LogPluginManager: Mounting plugin CustomMeshComponent
LogPluginManager: Mounting plugin ExampleDeviceProfileSelector
LogPluginManager: Mounting plugin GoogleCloudMessaging
LogPluginManager: Mounting plugin ImmediatePhysics
LogPluginManager: Mounting plugin IOSDeviceProfileSelector
LogPluginManager: Mounting plugin LinuxDeviceProfileSelector
LogPluginManager: Mounting plugin LocationServicesBPLibrary
LogPluginManager: Mounting plugin MobilePatchingUtils
LogPluginManager: Mounting plugin OculusVR
LogPluginManager: Mounting plugin PhysXVehicles
LogPluginManager: Mounting plugin ProceduralMeshComponent
LogPluginManager: Mounting plugin RuntimePhysXCooking
LogPluginManager: Mounting plugin SteamVR
LogPluginManager: Mounting plugin WindowsMoviePlayer
LogInit: Using libcurl 7.47.1
LogInit:  - built for x86_64-pc-win32
LogInit:  - supports SSL with OpenSSL/1.0.2g
LogInit:  - supports HTTP deflate (compression) using libz 1.2.8
LogInit:  - other features:
LogInit:      CURL_VERSION_SSL
LogInit:      CURL_VERSION_LIBZ
LogInit:      CURL_VERSION_IPV6
LogInit:      CURL_VERSION_ASYNCHDNS
LogInit:      CURL_VERSION_LARGEFILE
LogInit:      CURL_VERSION_IDN
LogInit:  CurlRequestOptions (configurable via config and command line):
LogInit:  - bVerifyPeer = false  - Libcurl will NOT verify peer certificate
LogInit:  - bUseHttpProxy = false  - Libcurl will NOT use HTTP proxy
LogInit:  - bDontReuseConnections = false  - Libcurl will reuse connections
LogInit:  - CertBundlePath = nullptr  - Libcurl will use whatever was configured at build time.
LogInit: Build: ++UE4+Release-4.17-CL-3586342
LogInit: Engine Version: 4.17.1-3586342+++UE4+Release-4.17
LogInit: Compatible Engine Version: 4.17.0-3573198+++UE4+Release-4.17
LogInit: Net CL: 3573198
LogDevObjectVersion: Number of dev versions registered: 16
LogDevObjectVersion:   Dev-Blueprints (B0D832E4-1F89-4F0D-ACCF-7EB736FD4AA2): 10
LogDevObjectVersion:   Dev-Build (E1C64328-A22C-4D53-A36C-8E866417BD8C): 0
LogDevObjectVersion:   Dev-Core (375EC13C-06E4-48FB-B500-84F0262A717E): 2
LogDevObjectVersion:   Dev-Editor (E4B068ED-F494-42E9-A231-DA0B2E46BB41): 20
LogDevObjectVersion:   Dev-Framework (CFFC743F-43B0-4480-9391-14DF171D2073): 28
LogDevObjectVersion:   Dev-Mobile (B02B49B5-BB20-44E9-A304-32B752E40360): 0
LogDevObjectVersion:   Dev-Networking (A4E4105C-59A1-49B5-A7C5-40C4547EDFEE): 0
LogDevObjectVersion:   Dev-Online (39C831C9-5AE6-47DC-9A44-9C173E1C8E7C): 0
LogDevObjectVersion:   Dev-Physics (78F01B33-EBEA-4F98-B9B4-84EACCB95AA2): 0
LogDevObjectVersion:   Dev-Platform (6631380F-2D4D-43E0-8009-CF276956A95A): 0
LogDevObjectVersion:   Dev-Rendering (12F88B9F-8875-4AFC-A67C-D90C383ABD29): 19
LogDevObjectVersion:   Dev-Sequencer (7B5AE74C-D270-4C10-A958-57980B212A5A): 4
LogDevObjectVersion:   Dev-VR (D7296918-1DD6-4BDD-9DE2-64A83CC13884): 0
LogDevObjectVersion:   Dev-LoadTimes (C2A15278-BFE7-4AFE-6C17-90FF531DF755): 1
LogDevObjectVersion:   Private-Geometry (6EACA3D4-40EC-4CC1-B786-8BED09428FC5): 1
LogDevObjectVersion:   Dev-AnimPhys (29E575DD-E0A3-4627-9D10-D276232CDCEA): 7
LogInit: Compiled (64-bit): Aug 15 2017 02:05:26
LogInit: Compiled with Visual C++: 19.00.24215.01
LogInit: Build Configuration: Development
LogInit: Branch Name: ++UE4+Release-4.17
LogInit: Command line:  
LogInit: Base directory: C:/Program Files (x86)/Epic Games/UE_4.17/Engine/Binaries/Win64/
LogInit: Installed Engine Build: 1
LogInit: Presizing for max 8388607 objects, including 0 objects not considered by GC, pre-allocating 0 bytes for permanent pool.
LogInit: Object subsystem initialized
[2017.11.30-16.14.43:455][  0]LogInit: Selected Device Profile: [Windows]
[2017.11.30-16.14.43:455][  0]LogInit: Applying CVar settings loaded from the selected device profile: [Windows]
[2017.11.30-16.14.43:467][  0]LogInit: Computer: HS-MT330-6
[2017.11.30-16.14.43:467][  0]LogInit: User: jhamilton
[2017.11.30-16.14.43:467][  0]LogInit: CPU Page size=4096, Cores=4
[2017.11.30-16.14.43:467][  0]LogInit: High frequency timer resolution =3.410126 MHz
[2017.11.30-16.14.43:467][  0]LogMemory: Memory total: Physical=15.9GB (16GB approx)
[2017.11.30-16.14.43:467][  0]LogMemory: Platform Memory Stats for Windows
[2017.11.30-16.14.43:467][  0]LogMemory: Process Physical Memory: 279.60 MB used, 279.60 MB peak
[2017.11.30-16.14.43:467][  0]LogMemory: Process Virtual Memory: 277.26 MB used, 277.26 MB peak
[2017.11.30-16.14.43:467][  0]LogMemory: Physical Memory: 6734.30 MB used,  9572.10 MB free, 16306.40 MB total
[2017.11.30-16.14.43:467][  0]LogMemory: Virtual Memory: 656.17 MB used,  9572.10 MB free, 8388608.00 MB total
[2017.11.30-16.14.43:650][  0]LogInit: Using OS detected language (en-US).
[2017.11.30-16.14.43:650][  0]LogInit: Using OS detected locale (en-US).
[2017.11.30-16.14.43:652][  0]LogTextLocalizationManager: No specific localization for 'en-US' exists, so the 'en' localization will be used.
[2017.11.30-16.14.44:355][  0]LogD3D11RHI: D3D11 adapters:
[2017.11.30-16.14.44:382][  0]LogD3D11RHI:    0. 'NVIDIA GeForce GTX 1070' (Feature Level 11_0)
[2017.11.30-16.14.44:382][  0]LogD3D11RHI:       8070/0/7897 MB DedicatedVideo/DedicatedSystem/SharedSystem, Outputs:2, VendorId:0x10de
[2017.11.30-16.14.44:382][  0]LogD3D11RHI: Chosen D3D11 Adapter: 0
[2017.11.30-16.14.44:387][  0]LogD3D11RHI: Creating new Direct3DDevice
[2017.11.30-16.14.44:387][  0]LogD3D11RHI:     GPU DeviceId: 0x1b81 (for the marketing name, search the web for "GPU Device Id")
[2017.11.30-16.14.44:387][  0]LogWindows: EnumDisplayDevices:
[2017.11.30-16.14.44:387][  0]LogWindows:    0. 'NVIDIA GeForce GTX 1070' (P:1 D:1)
[2017.11.30-16.14.44:388][  0]LogWindows:    1. 'NVIDIA GeForce GTX 1070' (P:0 D:1)
[2017.11.30-16.14.44:388][  0]LogWindows:    2. 'NVIDIA GeForce GTX 1070' (P:0 D:0)
[2017.11.30-16.14.44:388][  0]LogWindows:    3. 'NVIDIA GeForce GTX 1070' (P:0 D:0)
[2017.11.30-16.14.44:388][  0]LogWindows:    4. 'RDPDD Chained DD' (P:0 D:0)
[2017.11.30-16.14.44:388][  0]LogWindows:    5. 'RDP Encoder Mirror Driver' (P:0 D:0)
[2017.11.30-16.14.44:388][  0]LogWindows:    6. 'RDP Reflector Display Driver' (P:0 D:0)
[2017.11.30-16.14.44:389][  0]LogWindows: DebugString: GetVideoDriverDetailsInvalid PrimaryIsNotTheChoosenAdapter GetVideoDriverDetailsInvalid PrimaryIsNotTheChoosenAdapter GetVideoDriverDetailsInvalid PrimaryIsNotTheChoosenAdapter FoundDriverCount:4 
[2017.11.30-16.14.44:389][  0]LogD3D11RHI:     Adapter Name: NVIDIA GeForce GTX 1070
[2017.11.30-16.14.44:389][  0]LogD3D11RHI:   Driver Version: 384.94 (internal:22.21.13.8494, unified:384.94)
[2017.11.30-16.14.44:389][  0]LogD3D11RHI:      Driver Date: 7-18-2017
[2017.11.30-16.14.44:389][  0]LogRHI: Texture pool is 1361 MB (70% of 1945 MB)
[2017.11.30-16.14.44:401][  0]LogD3D11RHI: Async texture creation enabled
[2017.11.30-16.14.44:416][  0]LogD3D11RHI: GPU Timing Frequency: 1000.000000 (Debug: 2 2)
[2017.11.30-16.14.44:459][  0]LogShaderCompilers: Guid format shader working directory is -29 characters bigger than the processId version (../../../../../../Users/jhamilton/Documents/Unreal Projects/MMC_Off_Recreation/Intermediate/Shaders/WorkingDirectory/10292/).
[2017.11.30-16.14.44:459][  0]LogShaderCompilers: Cleaned the shader compiler working directory 'C:/Users/jhamilton/AppData/Local/Temp/UnrealShaderWorkingDir/3293872C458372CE466F9FA7CBE777AD/'.
[2017.11.30-16.14.44:459][  0]LogShaderCompilers: Display: Using Local Shader Compiler.
[2017.11.30-16.14.45:531][  0]LogTemp: Display: Loaded TP AllDesktopTargetPlatform
[2017.11.30-16.14.45:596][  0]LogTemp: Display: Loaded TP MacClientTargetPlatform
[2017.11.30-16.14.45:669][  0]LogTemp: Display: Loaded TP MacNoEditorTargetPlatform
[2017.11.30-16.14.45:723][  0]LogTemp: Display: Loaded TP MacServerTargetPlatform
[2017.11.30-16.14.45:790][  0]LogTemp: Display: Loaded TP MacTargetPlatform
[2017.11.30-16.14.45:862][  0]LogTemp: Display: Loaded TP WindowsClientTargetPlatform
[2017.11.30-16.14.45:912][  0]LogTemp: Display: Loaded TP WindowsNoEditorTargetPlatform
[2017.11.30-16.14.45:976][  0]LogTemp: Display: Loaded TP WindowsServerTargetPlatform
[2017.11.30-16.14.46:039][  0]LogTemp: Display: Loaded TP WindowsTargetPlatform
[2017.11.30-16.14.46:089][  0]LogTemp: Display: Loaded TP AndroidTargetPlatform
[2017.11.30-16.14.46:137][  0]LogTemp: Display: Loaded TP Android_ASTCTargetPlatform
[2017.11.30-16.14.46:186][  0]LogTemp: Display: Loaded TP Android_ATCTargetPlatform
[2017.11.30-16.14.46:234][  0]LogTemp: Display: Loaded TP Android_DXTTargetPlatform
[2017.11.30-16.14.46:293][  0]LogTemp: Display: Loaded TP Android_ETC1TargetPlatform
[2017.11.30-16.14.46:358][  0]LogTemp: Display: Loaded TP Android_ETC2TargetPlatform
[2017.11.30-16.14.46:455][  0]LogTemp: Display: Loaded TP Android_MultiTargetPlatform
[2017.11.30-16.14.46:455][  0]LogTemp: Display: Loaded TP Android_PVRTCTargetPlatform
[2017.11.30-16.14.46:501][  0]LogTemp: Display: Loaded TP HTML5TargetPlatform
[2017.11.30-16.14.46:602][  0]LogTemp: Display: Loaded TP IOSTargetPlatform
[2017.11.30-16.14.46:630][  0]LogTemp: Display: Loaded TP TVOSTargetPlatform
[2017.11.30-16.14.46:687][  0]LogTemp: Display: Loaded TP LinuxClientTargetPlatform
[2017.11.30-16.14.46:739][  0]LogTemp: Display: Loaded TP LinuxNoEditorTargetPlatform
[2017.11.30-16.14.46:786][  0]LogTemp: Display: Loaded TP LinuxServerTargetPlatform
[2017.11.30-16.14.46:842][  0]LogTemp: Display: Loaded TP LinuxTargetPlatform
[2017.11.30-16.14.46:842][  0]LogTargetPlatformManager: Display: Building Assets For Windows
[2017.11.30-16.14.47:351][  0]LogDerivedDataCache: Display: Max Cache Size: 512 MB
[2017.11.30-16.14.47:461][  0]LogDerivedDataCache: Loaded boot cache 0.11s 93MB C:/Users/jhamilton/AppData/Local/UnrealEngine/4.17/DerivedDataCache/Boot.ddc.
[2017.11.30-16.14.47:461][  0]LogDerivedDataCache: Display: Loaded Boot cache: C:/Users/jhamilton/AppData/Local/UnrealEngine/4.17/DerivedDataCache/Boot.ddc
[2017.11.30-16.14.47:461][  0]LogDerivedDataCache: FDerivedDataBackendGraph:  Pak pak cache file ../../../../../../Users/jhamilton/Documents/Unreal Projects/MMC_Off_Recreation/DerivedDataCache/DDC.ddp not found, will not use a pak cache.
[2017.11.30-16.14.47:461][  0]LogDerivedDataCache: Unable to find inner node Pak for hierarchical cache Hierarchy.
[2017.11.30-16.14.47:461][  0]LogDerivedDataCache: FDerivedDataBackendGraph:  CompressedPak pak cache file ../../../../../../Users/jhamilton/Documents/Unreal Projects/MMC_Off_Recreation/DerivedDataCache/Compressed.ddp not found, will not use a pak cache.
[2017.11.30-16.14.47:461][  0]LogDerivedDataCache: Unable to find inner node CompressedPak for hierarchical cache Hierarchy.
[2017.11.30-16.14.47:482][  0]LogDerivedDataCache: Display: Pak cache opened for reading ../../../Engine/DerivedDataCache/Compressed.ddp.
[2017.11.30-16.14.47:494][  0]LogDerivedDataCache: Using Local data cache path C:/Users/jhamilton/AppData/Local/UnrealEngine/Common/DerivedDataCache: Writable
[2017.11.30-16.14.47:504][  0]LogMaterial: Verifying Global Shaders for PCD3D_SM5
[2017.11.30-16.14.47:504][  0]LogSlate: Using Freetype 2.6.0
[2017.11.30-16.14.47:505][  0]LogSlate: SlateFontCache - WITH_FREETYPE: 1, WITH_HARFBUZZ: 1
[2017.11.30-16.14.47:505][  0]LogSlate: SlateFontCache - WITH_FREETYPE: 1, WITH_HARFBUZZ: 1
[2017.11.30-16.14.47:778][  0]LogAssetRegistry: FAssetRegistry took 0.0245 seconds to start up
[2017.11.30-16.14.47:940][  0]LogInit: Selected Device Profile: [Windows]
[2017.11.30-16.14.47:944][  0]LogContentStreaming: Texture pool size is 0.00 MB
[2017.11.30-16.14.48:321][  0]LogSimplygon: Simplygon DLL not present - disabling.
[2017.11.30-16.14.48:370][  0]LogMeshReduction: Using SimplygonSwarm for distributed automatic mesh merging
[2017.11.30-16.14.48:370][  0]LogMeshReduction: Using QuadricMeshReduction for automatic static mesh reduction
[2017.11.30-16.14.48:370][  0]LogMeshReduction: No automatic skeletal mesh reduction module available
[2017.11.30-16.14.48:370][  0]LogMeshReduction: No automatic mesh merging module available
[2017.11.30-16.14.48:370][  0]LogMeshMerging: No automatic mesh merging module available
[2017.11.30-16.14.48:778][  0]LogNetVersion: MMC_Off_Recreation , NetCL: 3573198, EngineNetVer: 2, GameNetVer: 0 (Checksum: 116792171)
[2017.11.30-16.14.48:992][  0]LogPackageLocalizationCache: Processed 5 localized package path(s) for 2 prioritized culture(s) in 0.036120 seconds
[2017.11.30-16.14.48:997][  0]LogUObjectArray: 35825 objects as part of root set at end of initial load.
[2017.11.30-16.14.48:997][  0]LogUObjectAllocator: 7529104 out of 0 bytes used by permanent object pool.
[2017.11.30-16.14.48:997][  0]LogUObjectArray: CloseDisregardForGC: 0/0 objects in disregard for GC pool
[2017.11.30-16.14.49:052][  0]LogInit: WinSock: version 1.1 (2.2), MaxSocks=32767, MaxUdp=65467
[2017.11.30-16.14.51:690][  0]LogTcpMessaging: Initializing TcpMessaging bridge
[2017.11.30-16.14.51:723][  0]LogUdpMessaging: Initializing bridge on interface 0.0.0.0:0 to multicast group 230.0.0.1:6666.
[2017.11.30-16.14.52:380][  0]LogMaterial: Uniform references updated for custom material expression Custom.
[2017.11.30-16.14.52:802][  0]SourceControl: Source control is disabled
[2017.11.30-16.14.52:802][  0]SourceControl: Source control is disabled
[2017.11.30-16.14.52:860][  0]SourceControl: Source control is disabled
[2017.11.30-16.14.52:907][  0]SourceControl: Source control is disabled
[2017.11.30-16.14.53:497][  0]LogAndroidPermission: UAndroidPermissionCallbackProxy::GetInstance
[2017.11.30-16.14.53:749][  0]LogOcInput: OculusInput pre-init called
[2017.11.30-16.14.53:984][  0]LogEngine: Initializing Engine...
[2017.11.30-16.14.53:985][  0]LogHMD: Failed to initialize OpenVR with code 110
[2017.11.30-16.14.54:240][  0]LogStats: UGameplayTagsManager::ConstructGameplayTagTree: Construct from data asset -  0.000 s
[2017.11.30-16.14.54:240][  0]LogStats: UGameplayTagsManager::ConstructGameplayTagTree: GameplayTagTreeChangedEvent.Broadcast -  0.000 s
[2017.11.30-16.14.54:373][  0]LogAIModule: Creating AISystem for world Untitled
[2017.11.30-16.14.54:396][  0]LogInit: XAudio2 using 'Speaker (High Definition Audio Device)' : 2 channels at 44.1 kHz using 16 bits per sample (channel mask 0x3)
[2017.11.30-16.14.54:412][  0]LogInit: FAudioDevice initialized.
[2017.11.30-16.14.54:549][  0]LogDerivedDataCache: Saved boot cache 0.14s 93MB C:/Users/jhamilton/AppData/Local/UnrealEngine/4.17/DerivedDataCache/Boot.ddc.
[2017.11.30-16.14.54:561][  0]LogInit: Texture streaming: Enabled
[2017.11.30-16.14.54:667][  0]LogEngineSessionManager: EngineSessionManager initialized
[2017.11.30-16.14.54:882][  0]LogInit: Transaction tracking system initialized
[2017.11.30-16.14.55:203][  0]BlueprintLog: New page: Editor Load
[2017.11.30-16.14.56:143][  0]LocalizationService: Localization service is disabled
[2017.11.30-16.14.56:844][  0]LogConsoleResponse: Display: 
[2017.11.30-16.14.57:028][  0]LogCook: Display: Max memory allowance for cook 16384mb min free memory 0mb
[2017.11.30-16.14.57:028][  0]LogCook: Display: Mobile HDR setting 1
[2017.11.30-16.14.57:028][  0]LogGameplayTags: Display: UGameplayTagsManager::DoneAddingNativeTags. DelegateIsBound: 0
[2017.11.30-16.14.57:053][  0]LogFileCache: Scanning file cache for directory 'C:/Users/jhamilton/Documents/Unreal Projects/MMC_Off_Recreation/Content/' took 0.01s
[2017.11.30-16.14.58:110][  0]SourceControl: Source control is disabled
[2017.11.30-16.14.58:111][  0]Cmd: MAP LOAD FILE="../../../../../../Users/jhamilton/Documents/Unreal Projects/MMC_Off_Recreation/Content/Maps/Office.umap" TEMPLATE=0 SHOWPROGRESS=1 FEATURELEVEL=3
[2017.11.30-16.14.58:111][  0]LightingResults: New page: Lighting Build
[2017.11.30-16.14.58:168][  0]MapCheck: New page: Map Check
[2017.11.30-16.14.58:168][  0]LightingResults: New page: Lighting Build
[2017.11.30-16.14.58:489][  0]LogAIModule: Creating AISystem for world Office
[2017.11.30-16.14.58:503][  0]LogEditorServer: Finished looking for orphan Actors (0.000 secs)
[2017.11.30-16.14.58:518][  0]Cmd: MAP CHECKDEP NOCLEARLOG
[2017.11.30-16.14.58:577][  0]MapCheck: Map check complete: 0 Error(s), 0 Warning(s), took 59.248ms to complete.
[2017.11.30-16.14.58:578][  0]LogFileHelpers: Loading map 'Office' took 0.467
[2017.11.30-16.14.58:739][  0]LogCollectionManager: Loaded 0 collections in 0.001269 seconds
[2017.11.30-16.14.58:824][  0]LogFileCache: Scanning file cache for directory 'C:/Users/jhamilton/Documents/Unreal Projects/MMC_Off_Recreation/Saved/Collections/' took 0.01s
[2017.11.30-16.14.58:824][  0]LogFileCache: Scanning file cache for directory 'C:/Users/jhamilton/Documents/Unreal Projects/MMC_Off_Recreation/Content/Developers/jhamilton/Collections/' took 0.01s
[2017.11.30-16.14.58:824][  0]LogFileCache: Scanning file cache for directory 'C:/Users/jhamilton/Documents/Unreal Projects/MMC_Off_Recreation/Content/Collections/' took 0.01s
[2017.11.30-16.14.58:824][  0]LogCollectionManager: Rebuilt the GUID cache for 0 collections in 0.000001 seconds
[2017.11.30-16.14.58:838][  0]LogContentBrowser: Native class hierarchy populated in 0.0136 seconds. Added 2386 classes and 500 folders.
[2017.11.30-16.14.58:907][  0]LogContentBrowser: Native class hierarchy updated for 'WidgetCarousel' in 0.0006 seconds. Added 0 classes and 0 folders.
[2017.11.30-16.14.58:942][  0]LogContentBrowser: Native class hierarchy updated for 'AddContentDialog' in 0.0006 seconds. Added 0 classes and 0 folders.
[2017.11.30-16.14.58:983][  0]LogContentBrowser: Native class hierarchy updated for 'SceneOutliner' in 0.0006 seconds. Added 1 classes and 2 folders.
[2017.11.30-16.14.59:002][  0]LogSlate: Took 0.000163 seconds to synchronously load lazily loaded font '../../../Engine/Content/Slate/Fonts/Roboto-Regular.ttf' (155K)
[2017.11.30-16.14.59:004][  0]LogSlate: Took 0.000147 seconds to synchronously load lazily loaded font '../../../Engine/Content/Slate/Fonts/Roboto-Bold.ttf' (160K)
[2017.11.30-16.14.59:008][  0]LogSlate: Took 0.000177 seconds to synchronously load lazily loaded font '../../../Engine/Content/Editor/Slate/Fonts/FontAwesome.ttf' (139K)
[2017.11.30-16.14.59:100][  0]LogRenderer: Reallocating scene render targets to support 1616x808 Format 26 NumSamples 1 (Frame:1).
[2017.11.30-16.14.59:340][  0]LogContentBrowser: Native class hierarchy updated for 'HierarchicalLODOutliner' in 0.0007 seconds. Added 1 classes and 2 folders.
[2017.11.30-16.14.59:340][  0]LogLoad: (Engine Initialization) Total time: 17.53 seconds
[2017.11.30-16.14.59:340][  0]LogLoad: (Engine Initialization) Total Blueprint compile time: 0.00 seconds
[2017.11.30-16.14.59:341][  0]LogExternalProfiler: Found external profiler: VSPerf
[2017.11.30-16.14.59:341][  0]LogExternalProfiler: Using external profiler: VSPerf
[2017.11.30-16.14.59:368][  0]LogContentStreaming: Texture pool size now 1000 MB
[2017.11.30-16.14.59:418][  1]LogAssetRegistry: Asset discovery search completed in 11.6611 seconds
[2017.11.30-16.14.59:420][  1]LogCollectionManager: Rebuilt the object cache for 0 collections in 0.000001 seconds (found 0 objects)
[2017.11.30-16.14.59:420][  1]LogCollectionManager: Fixed up redirectors for 0 collections in 0.000037 seconds (updated 0 objects)
[2017.11.30-16.18.00:805][555]Cmd: EDIT COPY
[2017.11.30-16.18.02:054][704]Cmd: EDIT PASTE
[2017.11.30-16.19.39:823][133]LogEditorViewport: Clicking Background
[2017.11.30-16.19.44:445][686]LogEditorViewport: Clicking on Actor (LMB): Brush (Box Brush109)
[2017.11.30-16.20.27:596][317]LogEditorViewport: Clicking Background
[2017.11.30-16.24.49:461][440]LogSlate: Took 0.000179 seconds to synchronously load lazily loaded font '../../../Engine/Content/Slate/Fonts/Roboto-Light.ttf' (159K)
[2017.11.30-16.24.49:469][440]Cmd: OBJ SAVEPACKAGE PACKAGE="/Game/Maps/Office" FILE="../../../../../../Users/jhamilton/Documents/Unreal Projects/MMC_Off_Recreation/Content/Maps/Office.umap" SILENT=true AUTOSAVING=false KEEPDIRTY=false
[2017.11.30-16.24.49:850][440]LogSavePackage: Save=351.43ms
[2017.11.30-16.24.49:850][440]LogSavePackage: Moving '../../../../../../Users/jhamilton/Documents/Unreal Projects/MMC_Off_Recreation/Saved/Office9EA456CA4899E11EFBE507B84C499A43.tmp' to '../../../../../../Users/jhamilton/Documents/Unreal Projects/MMC_Off_Recreation/Content/Maps/Office.umap'
[2017.11.30-16.24.49:853][440]LogSavePackage: Display: Finished SavePackage ../../../../../../Users/jhamilton/Documents/Unreal Projects/MMC_Off_Recreation/Content/Maps/Office.umap
[2017.11.30-16.24.49:898][440]Cmd: OBJ SAVEPACKAGE PACKAGE="/Game/Maps/Office_BuiltData" FILE="../../../../../../Users/jhamilton/Documents/Unreal Projects/MMC_Off_Recreation/Content/Maps/Office_BuiltData.uasset" SILENT=true
[2017.11.30-16.24.50:014][440]LogSavePackage: Save=92.30ms
[2017.11.30-16.24.50:014][440]LogSavePackage: Moving '../../../../../../Users/jhamilton/Documents/Unreal Projects/MMC_Off_Recreation/Saved/Office_BuiltData0D916223433D2B774C9F258C1C752A55.tmp' to '../../../../../../Users/jhamilton/Documents/Unreal Projects/MMC_Off_Recreation/Content/Maps/Office_BuiltData.uasset'
[2017.11.30-16.24.50:015][440]LogSavePackage: Display: Finished SavePackage ../../../../../../Users/jhamilton/Documents/Unreal Projects/MMC_Off_Recreation/Content/Maps/Office_BuiltData.uasset
[2017.11.30-16.24.50:866][501]MapCheck: New page: Map Check
[2017.11.30-16.24.50:890][501]Cmd: MAP REBUILD ALLVISIBLE
[2017.11.30-16.24.50:890][501]LogEditorServer: Rebuildmap Clear paths rebuilt
[2017.11.30-16.24.52:177][501]LogMaterial: Missing cached shader map for material FDebugViewModeMaterialProxy WorldGridMaterial, compiling. Is special engine material.
[2017.11.30-16.24.52:186][501]LogMaterial: Missing cached shader map for material FDebugViewModeMaterialProxy carpet_Mat, compiling. 
[2017.11.30-16.24.52:195][501]LogMaterial: Missing cached shader map for material FDebugViewModeMaterialProxy drywall_Mat, compiling. 
[2017.11.30-16.24.52:205][501]LogMaterial: Missing cached shader map for material FDebugViewModeMaterialProxy GrayWall_Mat, compiling. 
[2017.11.30-16.24.52:214][501]LogMaterial: Missing cached shader map for material FDebugViewModeMaterialProxy M_Brick_Clay_New, compiling. 
[2017.11.30-16.24.52:224][501]LogMaterial: Missing cached shader map for material FDebugViewModeMaterialProxy woodPanelColor_Mat, compiling. 
[2017.11.30-16.24.52:233][501]LogMaterial: Missing cached shader map for material FDebugViewModeMaterialProxy M_Metal_Chrome, compiling. 
[2017.11.30-16.24.52:240][501]LogMaterial: Missing cached shader map for material FDebugViewModeMaterialProxy M_Glass, compiling. 
[2017.11.30-16.24.53:015][501]TextureStreamingBuild: Display: Compiling optional shaders took 0.845 seconds.
[2017.11.30-16.24.53:026][501]LogLevel: Display: Export Material TexCoord Scales took 0.011 seconds.
[2017.11.30-16.24.53:039][501]TextureStreamingBuild: Display: Build Texture Streaming took 0.013 seconds.
[2017.11.30-16.24.53:052][501]LightingResults: New page: Lighting Build - Nov 30, 2017, 6:24:53 AM
[2017.11.30-16.24.53:102][501]LogSwarmInterface: [OpenConnection] Registering TCP channel ...
[2017.11.30-16.24.53:119][501]LogSwarmInterface: [OpenConnection] Connecting to agent ...
[2017.11.30-16.24.53:127][501]LogSwarmInterface: [TryOpenConnection] Testing the Agent
[2017.11.30-16.24.54:135][501]LogSwarmInterface: [TryOpenConnection] Opening Connection to Agent
[2017.11.30-16.24.54:135][501]LogSwarmInterface: [TryOpenConnection] Local Process ID is 10292
[2017.11.30-16.24.59:277][501]LogStaticLightingSystem: Warning: No importance volume found, so the scene bounding box was used.  You can optimize your scene's quality and lighting build times by adding importance volumes.
[2017.11.30-16.24.59:278][501]LogStaticLightingSystem: Running Lightmass w/ ImmediateImport mode ENABLED
[2017.11.30-16.24.59:278][501]LogStaticLightingSystem: Running Lightmass w/ ImmediateProcess mode ENABLED
[2017.11.30-16.24.59:278][501]LogStaticLightingSystem: Running Lightmass w/ Sorting mode ENABLED
[2017.11.30-16.24.59:278][501]LogStaticLightingSystem: Running Lightmass w/ Mapping paddings ENABLED
[2017.11.30-16.24.59:278][501]LogStaticLightingSystem: Running Lightmass w/ Mapping debug paddings DISABLED
[2017.11.30-16.24.59:389][501]Cmd: MAP CHECK DONTDISPLAYDIALOG
[2017.11.30-16.24.59:389][501]MapCheck: New page: Office - Nov 30, 2017, 6:24:59 AM
[2017.11.30-16.24.59:441][501]MapCheck: Map check complete: 0 Error(s), 0 Warning(s), took 52.251ms to complete.
[2017.11.30-16.24.59:462][501]LogEditorBuildUtils: Build time 0:08
[2017.11.30-16.25.03:107][651]Job is a success!
[2017.11.30-16.25.03:381][653]LogTexture: Display: Building textures: SkyOcclusion0_1 (AutoDXT, 512X256)
[2017.11.30-16.25.03:381][653]LogTexture: Display: Building textures: HQ_Lightmap0_1 (AutoDXT, 512X512)
[2017.11.30-16.25.03:381][653]LogTexture: Display: Building textures: LQ_Lightmap_0_1 (DXT1, 512X512)
[2017.11.30-16.25.03:410][653]Lightmass on HS-MT330-6: 1.64 sec total, 218 ms importing, 79 ms setup, 261 ms photons, 1.05 sec processing, 0 ms extra exporting [657/657 mappings]. Threads: 7.19 sec total, 1.38 sec processing.
[2017.11.30-16.25.03:667][653]LogStaticLightingSystem: Illumination: 10.5 sec (109 ms encoding lightmaps, 0 ms encoding shadowmaps)
[2017.11.30-16.25.03:667][653]LogStaticLightingSystem: Lightmap texture memory:  0.7 MB (0.0 MB streaming, 0.7 MB non-streaming), 2 textures
[2017.11.30-16.25.03:667][653]LogStaticLightingSystem: Shadowmap texture memory: 0.0 MB (0.0 MB streaming, 0.0 MB non-streaming), 0 textures
[2017.11.30-16.25.04:276][653]DumpUnbuiltLightIteractions
[2017.11.30-16.25.04:276][653]Lights with unbuilt interactions: 0
[2017.11.30-16.25.04:276][653]
[2017.11.30-16.25.04:276][653]Primitives with unbuilt interactions: 0
[2017.11.30-16.25.04:282][654]Cmd: MAP CHECK NOTIFYRESULTS
[2017.11.30-16.25.04:282][654]MapCheck: New page: Office - Nov 30, 2017, 6:25:04 AM
[2017.11.30-16.25.04:376][654]MapCheck: Map check complete: 0 Error(s), 0 Warning(s), took 93.626ms to complete.
[2017.11.30-16.26.40:958][134]Cmd: EDCALLBACK SURFPROPS
[2017.11.30-16.27.45:684][351]LogEditorViewport: Clicking Background
[2017.11.30-16.28.15:383][842]Cmd: OBJ SAVEPACKAGE PACKAGE="/Game/Maps/Office" FILE="../../../../../../Users/jhamilton/Documents/Unreal Projects/MMC_Off_Recreation/Content/Maps/Office.umap" SILENT=true AUTOSAVING=false KEEPDIRTY=false
[2017.11.30-16.28.15:756][842]LogSavePackage: Save=357.45ms
[2017.11.30-16.28.15:756][842]LogSavePackage: Moving '../../../../../../Users/jhamilton/Documents/Unreal Projects/MMC_Off_Recreation/Saved/OfficeAEF1D93B4D47ADDD6D6D759E329F9B6E.tmp' to '../../../../../../Users/jhamilton/Documents/Unreal Projects/MMC_Off_Recreation/Content/Maps/Office.umap'
[2017.11.30-16.28.15:759][842]LogSavePackage: Display: Finished SavePackage ../../../../../../Users/jhamilton/Documents/Unreal Projects/MMC_Off_Recreation/Content/Maps/Office.umap
[2017.11.30-16.28.15:801][842]Cmd: OBJ SAVEPACKAGE PACKAGE="/Game/Maps/Office_BuiltData" FILE="../../../../../../Users/jhamilton/Documents/Unreal Projects/MMC_Off_Recreation/Content/Maps/Office_BuiltData.uasset" SILENT=true
[2017.11.30-16.28.15:840][842]LogSavePackage: Save=32.82ms
[2017.11.30-16.28.15:840][842]LogSavePackage: Moving '../../../../../../Users/jhamilton/Documents/Unreal Projects/MMC_Off_Recreation/Saved/Office_BuiltData713B1F6648E9AC55A5DE2AA84822C38E.tmp' to '../../../../../../Users/jhamilton/Documents/Unreal Projects/MMC_Off_Recreation/Content/Maps/Office_BuiltData.uasset'
[2017.11.30-16.28.15:844][842]LogSavePackage: Display: Finished SavePackage ../../../../../../Users/jhamilton/Documents/Unreal Projects/MMC_Off_Recreation/Content/Maps/Office_BuiltData.uasset
[2017.11.30-16.28.17:021][934]MapCheck: New page: Map Check
[2017.11.30-16.28.17:041][934]Cmd: MAP REBUILD ALLVISIBLE
[2017.11.30-16.28.17:041][934]LogEditorServer: Rebuildmap Clear paths rebuilt
[2017.11.30-16.28.18:146][934]LogMaterial: Missing cached shader map for material FDebugViewModeMaterialProxy WorldGridMaterial, compiling. Is special engine material.
[2017.11.30-16.28.18:154][934]LogMaterial: Missing cached shader map for material FDebugViewModeMaterialProxy carpet_Mat, compiling. 
[2017.11.30-16.28.18:161][934]LogMaterial: Missing cached shader map for material FDebugViewModeMaterialProxy drywall_Mat, compiling. 
[2017.11.30-16.28.18:168][934]LogMaterial: Missing cached shader map for material FDebugViewModeMaterialProxy GrayWall_Mat, compiling. 
[2017.11.30-16.28.18:175][934]LogMaterial: Missing cached shader map for material FDebugViewModeMaterialProxy M_Brick_Clay_New, compiling. 
[2017.11.30-16.28.18:183][934]LogMaterial: Missing cached shader map for material FDebugViewModeMaterialProxy woodPanelColor_Mat, compiling. 
[2017.11.30-16.28.18:190][934]LogMaterial: Missing cached shader map for material FDebugViewModeMaterialProxy M_Metal_Chrome, compiling. 
[2017.11.30-16.28.18:198][934]LogMaterial: Missing cached shader map for material FDebugViewModeMaterialProxy M_Glass, compiling. 
[2017.11.30-16.28.18:945][934]TextureStreamingBuild: Display: Compiling optional shaders took 0.804 seconds.
[2017.11.30-16.28.18:951][934]LogLevel: Display: Export Material TexCoord Scales took 0.006 seconds.
[2017.11.30-16.28.18:964][934]TextureStreamingBuild: Display: Build Texture Streaming took 0.012 seconds.
[2017.11.30-16.28.18:976][934]LightingResults: New page: Lighting Build - Nov 30, 2017, 6:28:18 AM
[2017.11.30-16.28.19:001][934]LogSwarmInterface: [OpenConnection] Registering TCP channel ...
[2017.11.30-16.28.19:002][934]LogSwarmInterface: [OpenConnection] Connecting to agent ...
[2017.11.30-16.28.19:002][934]LogSwarmInterface: [TryOpenConnection] Testing the Agent
[2017.11.30-16.28.19:003][934]LogSwarmInterface: [TryOpenConnection] Opening Connection to Agent
[2017.11.30-16.28.19:003][934]LogSwarmInterface: [TryOpenConnection] Local Process ID is 10292
[2017.11.30-16.28.23:508][934]LogStaticLightingSystem: Warning: No importance volume found, so the scene bounding box was used.  You can optimize your scene's quality and lighting build times by adding importance volumes.
[2017.11.30-16.28.23:508][934]LogStaticLightingSystem: Running Lightmass w/ ImmediateImport mode ENABLED
[2017.11.30-16.28.23:508][934]LogStaticLightingSystem: Running Lightmass w/ ImmediateProcess mode ENABLED
[2017.11.30-16.28.23:508][934]LogStaticLightingSystem: Running Lightmass w/ Sorting mode ENABLED
[2017.11.30-16.28.23:508][934]LogStaticLightingSystem: Running Lightmass w/ Mapping paddings ENABLED
[2017.11.30-16.28.23:508][934]LogStaticLightingSystem: Running Lightmass w/ Mapping debug paddings DISABLED
[2017.11.30-16.28.23:607][934]Cmd: MAP CHECK DONTDISPLAYDIALOG
[2017.11.30-16.28.23:607][934]MapCheck: New page: Office - Nov 30, 2017, 6:28:23 AM
[2017.11.30-16.28.23:660][934]MapCheck: Map check complete: 0 Error(s), 0 Warning(s), took 52.536ms to complete.
[2017.11.30-16.28.23:680][934]LogEditorBuildUtils: Build time 0:06
[2017.11.30-16.28.26:095][ 42]Job is a success!
[2017.11.30-16.28.26:465][ 43]LogTexture: Display: Building textures: HQ_Lightmap1_1 (AutoDXT, 1024X1024)
[2017.11.30-16.28.26:465][ 43]LogTexture: Display: Building textures: LQ_Lightmap_1_1 (DXT1, 1024X1024)
[2017.11.30-16.28.26:465][ 43]LogTexture: Display: Building textures: SkyOcclusion1_1 (AutoDXT, 1024X512)
[2017.11.30-16.28.26:512][ 43]Lightmass on HS-MT330-6: 1.77 sec total, 186 ms importing, 57 ms setup, 258 ms photons, 1.23 sec processing, 0 ms extra exporting [666/666 mappings]. Threads: 8.51 sec total, 1.19 sec processing.
[2017.11.30-16.28.26:647][ 43]LogStaticLightingSystem: Illumination: 7.63 sec (227 ms encoding lightmaps, 0 ms encoding shadowmaps)
[2017.11.30-16.28.26:647][ 43]LogStaticLightingSystem: Lightmap texture memory:  2.7 MB (0.0 MB streaming, 2.7 MB non-streaming), 2 textures
[2017.11.30-16.28.26:647][ 43]LogStaticLightingSystem: Shadowmap texture memory: 0.0 MB (0.0 MB streaming, 0.0 MB non-streaming), 0 textures
[2017.11.30-16.28.27:508][ 43]DumpUnbuiltLightIteractions
[2017.11.30-16.28.27:508][ 43]Lights with unbuilt interactions: 0
[2017.11.30-16.28.27:508][ 43]
[2017.11.30-16.28.27:508][ 43]Primitives with unbuilt interactions: 0
[2017.11.30-16.28.27:513][ 44]Cmd: MAP CHECK NOTIFYRESULTS
[2017.11.30-16.28.27:514][ 44]MapCheck: New page: Office - Nov 30, 2017, 6:28:27 AM
[2017.11.30-16.28.27:594][ 44]MapCheck: Map check complete: 0 Error(s), 0 Warning(s), took 80.795ms to complete.
[2017.11.30-16.30.13:220][997]LogEditorViewport: Clicking Background
[2017.11.30-16.30.33:055][786]LogEditorViewport: Clicking Background
[2017.11.30-16.31.32:808][745]LogEditorViewport: Clicking Background
[2017.11.30-16.31.47:045][300]LogEditorViewport: Clicking Background
[2017.11.30-16.31.47:831][391]Cmd: TRANSACTION UNDO
[2017.11.30-16.31.47:831][391]LogEditorTransaction: Undo Clicking Background
[2017.11.30-16.31.47:864][391]LogSlate: Took 0.000207 seconds to synchronously load lazily loaded font '../../../Engine/Content/Slate/Fonts/Roboto-Light.ttf' (159K)
[2017.11.30-16.31.48:351][422]Cmd: TRANSACTION UNDO
[2017.11.30-16.31.48:351][422]LogEditorTransaction: Undo Edit Outer Radius
[2017.11.30-16.31.48:379][422]LogActorComponent: ~FComponentReregisterContext: (/Game/Maps/Office.Office:PersistentLevel.BoxBrush49.BrushComponent0) Component already registered.
[2017.11.30-16.31.48:379][422]LogActorComponent: ~FComponentReregisterContext: (/Game/Maps/Office.Office:PersistentLevel.BoxBrush19.BrushComponent0) Component already registered.
[2017.11.30-16.31.48:391][422]LogActorComponent: ~FComponentReregisterContext: (/Game/Maps/Office.Office:PersistentLevel.BoxBrush31.BrushComponent0) Component already registered.
[2017.11.30-16.31.48:394][422]LogActorComponent: ~FComponentReregisterContext: (/Game/Maps/Office.Office:PersistentLevel.BoxBrush100_1.BrushComponent0) Component already registered.
[2017.11.30-16.31.48:395][422]LogActorComponent: ~FComponentReregisterContext: (/Game/Maps/Office.Office:PersistentLevel.BoxBrush26.BrushComponent0) Component already registered.
[2017.11.30-16.31.48:396][422]LogActorComponent: ~FComponentReregisterContext: (/Game/Maps/Office.Office:PersistentLevel.BoxBrush85.BrushComponent0) Component already registered.
[2017.11.30-16.31.58:745][411]LogEditorViewport: Clicking Background
[2017.11.30-16.32.20:009][238]LogEditorViewport: Clicking Background
[2017.11.30-16.33.09:640][ 77]LogEditorViewport: Clicking Background
[2017.11.30-16.34.29:340][401]LogEditorViewport: Clicking Background
[2017.11.30-16.34.30:657][516]Cmd: OBJ SAVEPACKAGE PACKAGE="/Game/Maps/Office" FILE="../../../../../../Users/jhamilton/Documents/Unreal Projects/MMC_Off_Recreation/Content/Maps/Office.umap" SILENT=true AUTOSAVING=false KEEPDIRTY=false
[2017.11.30-16.34.31:187][516]LogSavePackage: Save=482.96ms
[2017.11.30-16.34.31:187][516]LogSavePackage: Moving '../../../../../../Users/jhamilton/Documents/Unreal Projects/MMC_Off_Recreation/Saved/Office320BACF94CE4416348FEE1964EB3109E.tmp' to '../../../../../../Users/jhamilton/Documents/Unreal Projects/MMC_Off_Recreation/Content/Maps/Office.umap'
[2017.11.30-16.34.31:193][516]LogSavePackage: Display: Finished SavePackage ../../../../../../Users/jhamilton/Documents/Unreal Projects/MMC_Off_Recreation/Content/Maps/Office.umap
[2017.11.30-16.34.31:241][516]Cmd: OBJ SAVEPACKAGE PACKAGE="/Game/Maps/Office_BuiltData" FILE="../../../../../../Users/jhamilton/Documents/Unreal Projects/MMC_Off_Recreation/Content/Maps/Office_BuiltData.uasset" SILENT=true
[2017.11.30-16.34.31:303][516]LogSavePackage: Save=52.80ms
[2017.11.30-16.34.31:303][516]LogSavePackage: Moving '../../../../../../Users/jhamilton/Documents/Unreal Projects/MMC_Off_Recreation/Saved/Office_BuiltDataDA618ADC44230895E7F8518C4D616960.tmp' to '../../../../../../Users/jhamilton/Documents/Unreal Projects/MMC_Off_Recreation/Content/Maps/Office_BuiltData.uasset'
[2017.11.30-16.34.31:306][516]LogSavePackage: Display: Finished SavePackage ../../../../../../Users/jhamilton/Documents/Unreal Projects/MMC_Off_Recreation/Content/Maps/Office_BuiltData.uasset
[2017.11.30-16.35.33:395][649]LogEditorViewport: Clicking on Actor (LMB): Brush (Box Brush2)
[2017.11.30-16.35.48:701][299]LogEditorViewport: Clicking Background
[2017.11.30-16.35.52:923][783]Cmd: OBJ SAVEPACKAGE PACKAGE="/Game/Maps/Office" FILE="../../../../../../Users/jhamilton/Documents/Unreal Projects/MMC_Off_Recreation/Content/Maps/Office.umap" SILENT=true AUTOSAVING=false KEEPDIRTY=false
[2017.11.30-16.35.53:576][783]LogSavePackage: Save=607.68ms
[2017.11.30-16.35.53:576][783]LogSavePackage: Moving '../../../../../../Users/jhamilton/Documents/Unreal Projects/MMC_Off_Recreation/Saved/OfficeEB5954944FDC3BD45EEDC2AA77D3BBD3.tmp' to '../../../../../../Users/jhamilton/Documents/Unreal Projects/MMC_Off_Recreation/Content/Maps/Office.umap'
[2017.11.30-16.35.53:579][783]LogSavePackage: Display: Finished SavePackage ../../../../../../Users/jhamilton/Documents/Unreal Projects/MMC_Off_Recreation/Content/Maps/Office.umap
[2017.11.30-16.35.53:615][783]Cmd: OBJ SAVEPACKAGE PACKAGE="/Game/Maps/Office_BuiltData" FILE="../../../../../../Users/jhamilton/Documents/Unreal Projects/MMC_Off_Recreation/Content/Maps/Office_BuiltData.uasset" SILENT=true
[2017.11.30-16.35.53:692][783]LogSavePackage: Save=71.21ms
[2017.11.30-16.35.53:692][783]LogSavePackage: Moving '../../../../../../Users/jhamilton/Documents/Unreal Projects/MMC_Off_Recreation/Saved/Office_BuiltDataB4E5B50341C74C7F45F485BB8E157576.tmp' to '../../../../../../Users/jhamilton/Documents/Unreal Projects/MMC_Off_Recreation/Content/Maps/Office_BuiltData.uasset'
[2017.11.30-16.35.53:693][783]LogSavePackage: Display: Finished SavePackage ../../../../../../Users/jhamilton/Documents/Unreal Projects/MMC_Off_Recreation/Content/Maps/Office_BuiltData.uasset
[2017.11.30-16.36.02:224][763]LogEditorViewport: Clicking Background
[2017.11.30-16.37.23:779][643]LogEditorViewport: Clicking on Actor (LMB): Brush (Box Brush101)
[2017.11.30-16.37.26:042][910]LogEditorViewport: Clicking on Actor (LMB): Brush (Box Brush27)
[2017.11.30-16.37.27:561][ 88]LogEditorViewport: Clicking Background
[2017.11.30-16.37.28:916][249]Cmd: TRANSACTION UNDO
[2017.11.30-16.37.28:916][249]LogEditorTransaction: Undo Clicking Background
[2017.11.30-16.37.29:789][318]Cmd: TRANSACTION UNDO
[2017.11.30-16.37.29:789][318]LogEditorTransaction: Undo Clicking on Actors
[2017.11.30-16.37.30:313][361]Cmd: TRANSACTION UNDO
[2017.11.30-16.37.30:313][361]LogEditorTransaction: Undo Clicking on Actors
[2017.11.30-16.37.30:886][409]Cmd: TRANSACTION UNDO
[2017.11.30-16.37.30:886][409]LogEditorTransaction: Undo Move Actors
[2017.11.30-16.37.30:912][409]LogActorComponent: ~FComponentReregisterContext: (/Game/Maps/Office.Office:PersistentLevel.BoxBrush42.BrushComponent0) Component already registered.
[2017.11.30-16.37.30:914][409]LogActorComponent: ~FComponentReregisterContext: (/Game/Maps/Office.Office:PersistentLevel.BoxBrush46.BrushComponent0) Component already registered.
[2017.11.30-16.37.30:921][409]LogActorComponent: ~FComponentReregisterContext: (/Game/Maps/Office.Office:PersistentLevel.BoxBrush2_3.BrushComponent0) Component already registered.
[2017.11.30-16.37.30:923][409]LogActorComponent: ~FComponentReregisterContext: (/Game/Maps/Office.Office:PersistentLevel.BoxBrush78.BrushComponent0) Component already registered.
[2017.11.30-16.37.30:924][409]LogActorComponent: ~FComponentReregisterContext: (/Game/Maps/Office.Office:PersistentLevel.BoxBrush26.BrushComponent0) Component already registered.
[2017.11.30-16.37.31:882][489]LogEditorViewport: Clicking Background
[2017.11.30-16.37.32:822][569]LogEditorViewport: Clicking on Actor (LMB): Brush (Box Brush101)
[2017.11.30-16.37.56:006][966]Cmd: TRANSACTION UNDO
[2017.11.30-16.37.56:006][966]LogEditorTransaction: Undo Clicking on Actors
[2017.11.30-16.37.57:206][ 64]Cmd: TRANSACTION UNDO
[2017.11.30-16.37.57:206][ 64]LogEditorTransaction: Undo Clicking on Actors
[2017.11.30-16.37.58:580][181]Cmd: TRANSACTION UNDO
[2017.11.30-16.37.58:580][181]LogEditorTransaction: Undo Clicking on Actors
[2017.11.30-16.38.01:372][423]Cmd: TRANSACTION UNDO
[2017.11.30-16.38.01:372][423]LogEditorTransaction: Undo Clicking Background
[2017.11.30-16.38.03:050][567]Cmd: TRANSACTION UNDO
[2017.11.30-16.38.03:050][567]LogEditorTransaction: Undo Clicking on Brush Vertex
[2017.11.30-16.38.03:077][567]LogActorComponent: ~FComponentReregisterContext: (/Game/Maps/Office.Office:PersistentLevel.BoxBrush42.BrushComponent0) Component already registered.
[2017.11.30-16.38.03:078][567]LogActorComponent: ~FComponentReregisterContext: (/Game/Maps/Office.Office:PersistentLevel.BoxBrush46.BrushComponent0) Component already registered.
[2017.11.30-16.38.03:086][567]LogActorComponent: ~FComponentReregisterContext: (/Game/Maps/Office.Office:PersistentLevel.BoxBrush2_3.BrushComponent0) Component already registered.
[2017.11.30-16.38.03:088][567]LogActorComponent: ~FComponentReregisterContext: (/Game/Maps/Office.Office:PersistentLevel.BoxBrush78.BrushComponent0) Component already registered.
[2017.11.30-16.38.03:089][567]LogActorComponent: ~FComponentReregisterContext: (/Game/Maps/Office.Office:PersistentLevel.BoxBrush26.BrushComponent0) Component already registered.
[2017.11.30-16.38.03:560][602]Cmd: TRANSACTION UNDO
[2017.11.30-16.38.03:560][602]LogEditorTransaction: Undo Clicking on Actors
[2017.11.30-16.38.04:259][661]Cmd: TRANSACTION UNDO
[2017.11.30-16.38.04:259][661]LogEditorTransaction: Undo Clicking on Actors
[2017.11.30-16.38.04:727][700]Cmd: TRANSACTION UNDO
[2017.11.30-16.38.04:727][700]LogEditorTransaction: Undo Clicking on Actors
[2017.11.30-16.38.05:186][738]Cmd: TRANSACTION UNDO
[2017.11.30-16.38.05:187][738]LogEditorTransaction: Undo Clicking on Actors
[2017.11.30-16.38.05:607][773]Cmd: TRANSACTION UNDO
[2017.11.30-16.38.05:607][773]LogEditorTransaction: Undo Clicking on Actors
[2017.11.30-16.38.06:068][811]Cmd: TRANSACTION UNDO
[2017.11.30-16.38.06:068][811]LogEditorTransaction: Undo Clicking on Actors
[2017.11.30-16.38.06:634][860]Cmd: TRANSACTION UNDO
[2017.11.30-16.38.06:634][860]LogEditorTransaction: Undo Clicking on Actors
[2017.11.30-16.38.07:258][912]Cmd: TRANSACTION UNDO
[2017.11.30-16.38.07:258][912]LogEditorTransaction: Undo Move World Outliner Items
[2017.11.30-16.40.03:823][821]LogEditorViewport: Clicking Background
[2017.11.30-16.40.42:766][281]LogEditorViewport: Clicking Background
[2017.11.30-16.41.01:620][404]LogEditorViewport: Clicking Background
[2017.11.30-16.41.07:174][ 34]Cmd: OBJ SAVEPACKAGE PACKAGE="/Game/Maps/Office" FILE="../../../../../../Users/jhamilton/Documents/Unreal Projects/MMC_Off_Recreation/Content/Maps/Office.umap" SILENT=true AUTOSAVING=false KEEPDIRTY=false
[2017.11.30-16.41.07:549][ 34]LogSavePackage: Save=341.98ms
[2017.11.30-16.41.07:549][ 34]LogSavePackage: Moving '../../../../../../Users/jhamilton/Documents/Unreal Projects/MMC_Off_Recreation/Saved/Office5056D56045005D72BCE02FAF44BE0737.tmp' to '../../../../../../Users/jhamilton/Documents/Unreal Projects/MMC_Off_Recreation/Content/Maps/Office.umap'
[2017.11.30-16.41.07:552][ 34]LogSavePackage: Display: Finished SavePackage ../../../../../../Users/jhamilton/Documents/Unreal Projects/MMC_Off_Recreation/Content/Maps/Office.umap
[2017.11.30-16.41.07:707][ 34]Cmd: OBJ SAVEPACKAGE PACKAGE="/Game/Maps/Office_BuiltData" FILE="../../../../../../Users/jhamilton/Documents/Unreal Projects/MMC_Off_Recreation/Content/Maps/Office_BuiltData.uasset" SILENT=true
[2017.11.30-16.41.07:798][ 34]LogSavePackage: Save=70.98ms
[2017.11.30-16.41.07:798][ 34]LogSavePackage: Moving '../../../../../../Users/jhamilton/Documents/Unreal Projects/MMC_Off_Recreation/Saved/Office_BuiltDataAB6F41AF45957A2E510AD0BF60AF7825.tmp' to '../../../../../../Users/jhamilton/Documents/Unreal Projects/MMC_Off_Recreation/Content/Maps/Office_BuiltData.uasset'
[2017.11.30-16.41.07:800][ 34]LogSavePackage: Display: Finished SavePackage ../../../../../../Users/jhamilton/Documents/Unreal Projects/MMC_Off_Recreation/Content/Maps/Office_BuiltData.uasset
[2017.11.30-16.41.28:091][441]LogEditorViewport: Clicking on Actor (LMB): PlayerStart (PlayerStart)
[2017.11.30-16.41.30:074][674]LogNavigationPoint: PostEditMove Clear paths rebuilt
[2017.11.30-16.41.33:661][101]LogNavigationPoint: PostEditMove Clear paths rebuilt
[2017.11.30-16.41.36:399][427]LogNavigationPoint: PostEditMove Clear paths rebuilt
[2017.11.30-16.41.41:929][ 87]LogNavigationPoint: PostEditMove Clear paths rebuilt
[2017.11.30-16.41.42:919][187]Cmd: OBJ SAVEPACKAGE PACKAGE="/Game/Maps/Office" FILE="../../../../../../Users/jhamilton/Documents/Unreal Projects/MMC_Off_Recreation/Content/Maps/Office.umap" SILENT=true AUTOSAVING=false KEEPDIRTY=false
[2017.11.30-16.41.43:262][187]LogSavePackage: Save=323.16ms
[2017.11.30-16.41.43:262][187]LogSavePackage: Moving '../../../../../../Users/jhamilton/Documents/Unreal Projects/MMC_Off_Recreation/Saved/Office4C9218DC4FA6E4E32556C49916E541EF.tmp' to '../../../../../../Users/jhamilton/Documents/Unreal Projects/MMC_Off_Recreation/Content/Maps/Office.umap'
[2017.11.30-16.41.43:265][187]LogSavePackage: Display: Finished SavePackage ../../../../../../Users/jhamilton/Documents/Unreal Projects/MMC_Off_Recreation/Content/Maps/Office.umap
[2017.11.30-16.41.43:714][187]Cmd: OBJ SAVEPACKAGE PACKAGE="/Game/Maps/Office_BuiltData" FILE="../../../../../../Users/jhamilton/Documents/Unreal Projects/MMC_Off_Recreation/Content/Maps/Office_BuiltData.uasset" SILENT=true
[2017.11.30-16.41.43:788][187]LogSavePackage: Save=68.21ms
[2017.11.30-16.41.43:788][187]LogSavePackage: Moving '../../../../../../Users/jhamilton/Documents/Unreal Projects/MMC_Off_Recreation/Saved/Office_BuiltData43CFF52042FB4E33F32324B5CF1EC615.tmp' to '../../../../../../Users/jhamilton/Documents/Unreal Projects/MMC_Off_Recreation/Content/Maps/Office_BuiltData.uasset'
[2017.11.30-16.41.43:790][187]LogSavePackage: Display: Finished SavePackage ../../../../../../Users/jhamilton/Documents/Unreal Projects/MMC_Off_Recreation/Content/Maps/Office_BuiltData.uasset
[2017.11.30-16.41.44:329][251]LogEditorViewport: Clicking Background
[2017.11.30-16.43.00:053][139]LogEditorViewport: Clicking Background
[2017.11.30-16.43.06:601][901]Cmd: OBJ SAVEPACKAGE PACKAGE="/Game/Maps/Office" FILE="../../../../../../Users/jhamilton/Documents/Unreal Projects/MMC_Off_Recreation/Content/Maps/Office.umap" SILENT=true AUTOSAVING=false KEEPDIRTY=false
[2017.11.30-16.43.06:942][901]LogSavePackage: Save=324.08ms
[2017.11.30-16.43.06:942][901]LogSavePackage: Moving '../../../../../../Users/jhamilton/Documents/Unreal Projects/MMC_Off_Recreation/Saved/Office6770B09D49AAF54C502AE196E250B6CD.tmp' to '../../../../../../Users/jhamilton/Documents/Unreal Projects/MMC_Off_Recreation/Content/Maps/Office.umap'
[2017.11.30-16.43.06:945][901]LogSavePackage: Display: Finished SavePackage ../../../../../../Users/jhamilton/Documents/Unreal Projects/MMC_Off_Recreation/Content/Maps/Office.umap
[2017.11.30-16.43.06:980][901]Cmd: OBJ SAVEPACKAGE PACKAGE="/Game/Maps/Office_BuiltData" FILE="../../../../../../Users/jhamilton/Documents/Unreal Projects/MMC_Off_Recreation/Content/Maps/Office_BuiltData.uasset" SILENT=true
[2017.11.30-16.43.07:039][901]LogSavePackage: Save=52.70ms
[2017.11.30-16.43.07:039][901]LogSavePackage: Moving '../../../../../../Users/jhamilton/Documents/Unreal Projects/MMC_Off_Recreation/Saved/Office_BuiltData73266A5749992FAAAB2100B7CEAF7432.tmp' to '../../../../../../Users/jhamilton/Documents/Unreal Projects/MMC_Off_Recreation/Content/Maps/Office_BuiltData.uasset'
[2017.11.30-16.43.07:040][901]LogSavePackage: Display: Finished SavePackage ../../../../../../Users/jhamilton/Documents/Unreal Projects/MMC_Off_Recreation/Content/Maps/Office_BuiltData.uasset
[2017.11.30-16.43.53:530][247]LogEditorViewport: Clicking Background
[2017.11.30-16.44.06:778][833]LogEditorViewport: Clicking on Actor (LMB): PlayerStart (PlayerStart)
[2017.11.30-16.44.09:898][203]LogEditorViewport: Clicking Background
[2017.11.30-16.44.53:505][ 57]LogEditorViewport: Clicking Background
[2017.11.30-16.47.22:955][965]Cmd: OBJ SAVEPACKAGE PACKAGE="/Game/Maps/Office" FILE="../../../../../../Users/jhamilton/Documents/Unreal Projects/MMC_Off_Recreation/Content/Maps/Office.umap" SILENT=true AUTOSAVING=false KEEPDIRTY=false
[2017.11.30-16.47.23:308][965]LogSavePackage: Save=328.23ms
[2017.11.30-16.47.23:308][965]LogSavePackage: Moving '../../../../../../Users/jhamilton/Documents/Unreal Projects/MMC_Off_Recreation/Saved/Office72DBCE9B4844C84F974992BBFD213A88.tmp' to '../../../../../../Users/jhamilton/Documents/Unreal Projects/MMC_Off_Recreation/Content/Maps/Office.umap'
[2017.11.30-16.47.23:311][965]LogSavePackage: Display: Finished SavePackage ../../../../../../Users/jhamilton/Documents/Unreal Projects/MMC_Off_Recreation/Content/Maps/Office.umap
[2017.11.30-16.47.23:341][965]Cmd: OBJ SAVEPACKAGE PACKAGE="/Game/Maps/Office_BuiltData" FILE="../../../../../../Users/jhamilton/Documents/Unreal Projects/MMC_Off_Recreation/Content/Maps/Office_BuiltData.uasset" SILENT=true
[2017.11.30-16.47.23:417][965]LogSavePackage: Save=56.13ms
[2017.11.30-16.47.23:417][965]LogSavePackage: Moving '../../../../../../Users/jhamilton/Documents/Unreal Projects/MMC_Off_Recreation/Saved/Office_BuiltData3083157044272551385BAD885149524C.tmp' to '../../../../../../Users/jhamilton/Documents/Unreal Projects/MMC_Off_Recreation/Content/Maps/Office_BuiltData.uasset'
[2017.11.30-16.47.23:418][965]LogSavePackage: Display: Finished SavePackage ../../../../../../Users/jhamilton/Documents/Unreal Projects/MMC_Off_Recreation/Content/Maps/Office_BuiltData.uasset
[2017.11.30-16.47.23:885][998]MapCheck: New page: Map Check
[2017.11.30-16.47.23:909][998]Cmd: MAP REBUILD ALLVISIBLE
[2017.11.30-16.47.23:909][998]LogEditorServer: Rebuildmap Clear paths rebuilt
[2017.11.30-16.47.24:915][998]LogEditorServer: Cleared 2 NULL BSP materials after rebuild.
[2017.11.30-16.47.24:942][998]LogMaterial: Missing cached shader map for material FDebugViewModeMaterialProxy WorldGridMaterial, compiling. Is special engine material.
[2017.11.30-16.47.24:950][998]LogMaterial: Missing cached shader map for material FDebugViewModeMaterialProxy carpet_Mat, compiling. 
[2017.11.30-16.47.24:957][998]LogMaterial: Missing cached shader map for material FDebugViewModeMaterialProxy drywall_Mat, compiling. 
[2017.11.30-16.47.24:963][998]LogMaterial: Missing cached shader map for material FDebugViewModeMaterialProxy GrayWall_Mat, compiling. 
[2017.11.30-16.47.24:970][998]LogMaterial: Missing cached shader map for material FDebugViewModeMaterialProxy M_Brick_Clay_New, compiling. 
[2017.11.30-16.47.24:978][998]LogMaterial: Missing cached shader map for material FDebugViewModeMaterialProxy woodPanelColor_Mat, compiling. 
[2017.11.30-16.47.24:984][998]LogMaterial: Missing cached shader map for material FDebugViewModeMaterialProxy M_Metal_Chrome, compiling. 
[2017.11.30-16.47.24:992][998]LogMaterial: Missing cached shader map for material FDebugViewModeMaterialProxy M_Glass, compiling. 
[2017.11.30-16.47.25:751][998]TextureStreamingBuild: Display: Compiling optional shaders took 0.814 seconds.
[2017.11.30-16.47.25:756][998]LogLevel: Display: Export Material TexCoord Scales took 0.006 seconds.
[2017.11.30-16.47.25:769][998]TextureStreamingBuild: Display: Build Texture Streaming took 0.012 seconds.
[2017.11.30-16.47.25:777][998]LightingResults: New page: Lighting Build - Nov 30, 2017, 6:47:25 AM
[2017.11.30-16.47.25:802][998]LogSwarmInterface: [OpenConnection] Registering TCP channel ...
[2017.11.30-16.47.25:804][998]LogSwarmInterface: [OpenConnection] Connecting to agent ...
[2017.11.30-16.47.25:804][998]LogSwarmInterface: [TryOpenConnection] Testing the Agent
[2017.11.30-16.47.25:805][998]LogSwarmInterface: [TryOpenConnection] Opening Connection to Agent
[2017.11.30-16.47.25:805][998]LogSwarmInterface: [TryOpenConnection] Local Process ID is 10292
[2017.11.30-16.47.30:309][998]LogStaticLightingSystem: Warning: No importance volume found, so the scene bounding box was used.  You can optimize your scene's quality and lighting build times by adding importance volumes.
[2017.11.30-16.47.30:309][998]LogStaticLightingSystem: Running Lightmass w/ ImmediateImport mode ENABLED
[2017.11.30-16.47.30:309][998]LogStaticLightingSystem: Running Lightmass w/ ImmediateProcess mode ENABLED
[2017.11.30-16.47.30:309][998]LogStaticLightingSystem: Running Lightmass w/ Sorting mode ENABLED
[2017.11.30-16.47.30:309][998]LogStaticLightingSystem: Running Lightmass w/ Mapping paddings ENABLED
[2017.11.30-16.47.30:309][998]LogStaticLightingSystem: Running Lightmass w/ Mapping debug paddings DISABLED
[2017.11.30-16.47.30:397][998]Cmd: MAP CHECK DONTDISPLAYDIALOG
[2017.11.30-16.47.30:397][998]MapCheck: New page: Office - Nov 30, 2017, 6:47:30 AM
[2017.11.30-16.47.30:450][998]MapCheck: Map check complete: 0 Error(s), 0 Warning(s), took 52.413ms to complete.
[2017.11.30-16.47.30:470][998]LogEditorBuildUtils: Build time 0:06
[2017.11.30-16.47.32:556][ 89]Job is a success!
[2017.11.30-16.47.32:789][ 90]LogTexture: Display: Building textures: SkyOcclusion0_1 (AutoDXT, 512X256)
[2017.11.30-16.47.32:789][ 90]LogTexture: Display: Building textures: HQ_Lightmap0_1 (AutoDXT, 512X512)
[2017.11.30-16.47.32:789][ 90]LogTexture: Display: Building textures: LQ_Lightmap_0_1 (DXT1, 512X512)
[2017.11.30-16.47.32:804][ 90]Lightmass on HS-MT330-6: 1.27 sec total, 174 ms importing, 58 ms setup, 256 ms photons, 751 ms processing, 0 ms extra exporting [659/659 mappings]. Threads: 5.10 sec total, 978 ms processing.
[2017.11.30-16.47.32:841][ 90]LogStaticLightingSystem: Illumination: 7.02 sec (92 ms encoding lightmaps, 0 ms encoding shadowmaps)
[2017.11.30-16.47.32:841][ 90]LogStaticLightingSystem: Lightmap texture memory:  0.7 MB (0.0 MB streaming, 0.7 MB non-streaming), 2 textures
[2017.11.30-16.47.32:841][ 90]LogStaticLightingSystem: Shadowmap texture memory: 0.0 MB (0.0 MB streaming, 0.0 MB non-streaming), 0 textures
[2017.11.30-16.47.33:308][ 90]DumpUnbuiltLightIteractions
[2017.11.30-16.47.33:308][ 90]Lights with unbuilt interactions: 0
[2017.11.30-16.47.33:308][ 90]
[2017.11.30-16.47.33:308][ 90]Primitives with unbuilt interactions: 0
[2017.11.30-16.47.33:341][ 91]Cmd: MAP CHECK NOTIFYRESULTS
[2017.11.30-16.47.33:341][ 91]MapCheck: New page: Office - Nov 30, 2017, 6:47:33 AM
[2017.11.30-16.47.33:394][ 91]MapCheck: Map check complete: 0 Error(s), 0 Warning(s), took 52.368ms to complete.
[2017.11.30-16.51.09:366][229]Cmd: OBJ SAVEPACKAGE PACKAGE="/Game/Maps/Office" FILE="../../../../../../Users/jhamilton/Documents/Unreal Projects/MMC_Off_Recreation/Content/Maps/Office.umap" SILENT=true AUTOSAVING=false KEEPDIRTY=false
[2017.11.30-16.51.09:654][229]LogSavePackage: Save=271.88ms
[2017.11.30-16.51.09:654][229]LogSavePackage: Moving '../../../../../../Users/jhamilton/Documents/Unreal Projects/MMC_Off_Recreation/Saved/Office0FF2BA4643B642E776D24587C5ADFF55.tmp' to '../../../../../../Users/jhamilton/Documents/Unreal Projects/MMC_Off_Recreation/Content/Maps/Office.umap'
[2017.11.30-16.51.09:657][229]LogSavePackage: Display: Finished SavePackage ../../../../../../Users/jhamilton/Documents/Unreal Projects/MMC_Off_Recreation/Content/Maps/Office.umap
[2017.11.30-16.51.09:686][229]Cmd: OBJ SAVEPACKAGE PACKAGE="/Game/Maps/Office_BuiltData" FILE="../../../../../../Users/jhamilton/Documents/Unreal Projects/MMC_Off_Recreation/Content/Maps/Office_BuiltData.uasset" SILENT=true
[2017.11.30-16.51.09:716][229]LogSavePackage: Save=23.58ms
[2017.11.30-16.51.09:716][229]LogSavePackage: Moving '../../../../../../Users/jhamilton/Documents/Unreal Projects/MMC_Off_Recreation/Saved/Office_BuiltData83CF2F4248F056F83C3DFF89056DC6BA.tmp' to '../../../../../../Users/jhamilton/Documents/Unreal Projects/MMC_Off_Recreation/Content/Maps/Office_BuiltData.uasset'
[2017.11.30-16.51.09:718][229]LogSavePackage: Display: Finished SavePackage ../../../../../../Users/jhamilton/Documents/Unreal Projects/MMC_Off_Recreation/Content/Maps/Office_BuiltData.uasset
[2017.11.30-16.51.10:213][263]MapCheck: New page: Map Check
[2017.11.30-16.51.10:238][263]Cmd: MAP REBUILD ALLVISIBLE
[2017.11.30-16.51.10:238][263]LogEditorServer: Rebuildmap Clear paths rebuilt
[2017.11.30-16.51.11:273][263]LogMaterial: Missing cached shader map for material FDebugViewModeMaterialProxy WorldGridMaterial, compiling. Is special engine material.
[2017.11.30-16.51.11:281][263]LogMaterial: Missing cached shader map for material FDebugViewModeMaterialProxy carpet_Mat, compiling. 
[2017.11.30-16.51.11:287][263]LogMaterial: Missing cached shader map for material FDebugViewModeMaterialProxy drywall_Mat, compiling. 
[2017.11.30-16.51.11:294][263]LogMaterial: Missing cached shader map for material FDebugViewModeMaterialProxy GrayWall_Mat, compiling. 
[2017.11.30-16.51.11:301][263]LogMaterial: Missing cached shader map for material FDebugViewModeMaterialProxy M_Brick_Clay_New, compiling. 
[2017.11.30-16.51.11:308][263]LogMaterial: Missing cached shader map for material FDebugViewModeMaterialProxy woodPanelColor_Mat, compiling. 
[2017.11.30-16.51.11:315][263]LogMaterial: Missing cached shader map for material FDebugViewModeMaterialProxy M_Metal_Chrome, compiling. 
[2017.11.30-16.51.11:322][263]LogMaterial: Missing cached shader map for material FDebugViewModeMaterialProxy M_Glass, compiling. 
[2017.11.30-16.51.12:285][263]TextureStreamingBuild: Display: Compiling optional shaders took 1.018 seconds.
[2017.11.30-16.51.12:293][263]LogLevel: Display: Export Material TexCoord Scales took 0.007 seconds.
[2017.11.30-16.51.12:305][263]TextureStreamingBuild: Display: Build Texture Streaming took 0.012 seconds.
[2017.11.30-16.51.12:315][263]LightingResults: New page: Lighting Build - Nov 30, 2017, 6:51:12 AM
[2017.11.30-16.51.12:341][263]LogSwarmInterface: [OpenConnection] Registering TCP channel ...
[2017.11.30-16.51.12:342][263]LogSwarmInterface: [OpenConnection] Connecting to agent ...
[2017.11.30-16.51.12:342][263]LogSwarmInterface: [TryOpenConnection] Testing the Agent
[2017.11.30-16.51.12:343][263]LogSwarmInterface: [TryOpenConnection] Opening Connection to Agent
[2017.11.30-16.51.12:343][263]LogSwarmInterface: [TryOpenConnection] Local Process ID is 10292
[2017.11.30-16.51.16:848][263]LogStaticLightingSystem: Warning: No importance volume found, so the scene bounding box was used.  You can optimize your scene's quality and lighting build times by adding importance volumes.
[2017.11.30-16.51.16:848][263]LogStaticLightingSystem: Running Lightmass w/ ImmediateImport mode ENABLED
[2017.11.30-16.51.16:848][263]LogStaticLightingSystem: Running Lightmass w/ ImmediateProcess mode ENABLED
[2017.11.30-16.51.16:848][263]LogStaticLightingSystem: Running Lightmass w/ Sorting mode ENABLED
[2017.11.30-16.51.16:848][263]LogStaticLightingSystem: Running Lightmass w/ Mapping paddings ENABLED
[2017.11.30-16.51.16:848][263]LogStaticLightingSystem: Running Lightmass w/ Mapping debug paddings DISABLED
[2017.11.30-16.51.16:957][263]Cmd: MAP CHECK DONTDISPLAYDIALOG
[2017.11.30-16.51.16:957][263]MapCheck: New page: Office - Nov 30, 2017, 6:51:16 AM
[2017.11.30-16.51.17:011][263]MapCheck: Map check complete: 0 Error(s), 0 Warning(s), took 53.436ms to complete.
[2017.11.30-16.51.17:031][263]LogEditorBuildUtils: Build time 0:06
[2017.11.30-16.51.19:055][345]Job is a success!
[2017.11.30-16.51.19:283][346]LogTexture: Display: Building textures: SkyOcclusion1_1 (AutoDXT, 512X256)
[2017.11.30-16.51.19:283][346]LogTexture: Display: Building textures: LQ_Lightmap_1_1 (DXT1, 512X512)
[2017.11.30-16.51.19:283][346]LogTexture: Display: Building textures: HQ_Lightmap1_1 (AutoDXT, 512X512)
[2017.11.30-16.51.19:303][346]Lightmass on HS-MT330-6: 1.25 sec total, 169 ms importing, 33 ms setup, 259 ms photons, 749 ms processing, 0 ms extra exporting [659/659 mappings]. Threads: 5.09 sec total, 960 ms processing.
[2017.11.30-16.51.19:367][346]LogStaticLightingSystem: Illumination: 7.01 sec (89 ms encoding lightmaps, 0 ms encoding shadowmaps)
[2017.11.30-16.51.19:367][346]LogStaticLightingSystem: Lightmap texture memory:  0.7 MB (0.0 MB streaming, 0.7 MB non-streaming), 2 textures
[2017.11.30-16.51.19:367][346]LogStaticLightingSystem: Shadowmap texture memory: 0.0 MB (0.0 MB streaming, 0.0 MB non-streaming), 0 textures
[2017.11.30-16.51.19:848][346]DumpUnbuiltLightIteractions
[2017.11.30-16.51.19:848][346]Lights with unbuilt interactions: 0
[2017.11.30-16.51.19:848][346]
[2017.11.30-16.51.19:848][346]Primitives with unbuilt interactions: 0
[2017.11.30-16.51.19:876][347]Cmd: MAP CHECK NOTIFYRESULTS
[2017.11.30-16.51.19:876][347]MapCheck: New page: Office - Nov 30, 2017, 6:51:19 AM
[2017.11.30-16.51.19:928][347]MapCheck: Map check complete: 0 Error(s), 0 Warning(s), took 52.156ms to complete.
[2017.11.30-16.52.56:122][594]LogEditorViewport: Clicking Background
[2017.11.30-16.54.13:359][904]LogEditorViewport: Clicking Background
[2017.11.30-16.54.29:238][779]Cmd: OBJ SAVEPACKAGE PACKAGE="/Game/Maps/Office" FILE="../../../../../../Users/jhamilton/Documents/Unreal Projects/MMC_Off_Recreation/Content/Maps/Office.umap" SILENT=true AUTOSAVING=false KEEPDIRTY=false
[2017.11.30-16.54.29:541][779]LogSavePackage: Save=279.27ms
[2017.11.30-16.54.29:541][779]LogSavePackage: Moving '../../../../../../Users/jhamilton/Documents/Unreal Projects/MMC_Off_Recreation/Saved/Office101F994C447379E5545DED96C4AE8608.tmp' to '../../../../../../Users/jhamilton/Documents/Unreal Projects/MMC_Off_Recreation/Content/Maps/Office.umap'
[2017.11.30-16.54.29:545][779]LogSavePackage: Display: Finished SavePackage ../../../../../../Users/jhamilton/Documents/Unreal Projects/MMC_Off_Recreation/Content/Maps/Office.umap
[2017.11.30-16.54.29:597][779]Cmd: OBJ SAVEPACKAGE PACKAGE="/Game/Maps/Office_BuiltData" FILE="../../../../../../Users/jhamilton/Documents/Unreal Projects/MMC_Off_Recreation/Content/Maps/Office_BuiltData.uasset" SILENT=true
[2017.11.30-16.54.29:648][779]LogSavePackage: Save=38.19ms
[2017.11.30-16.54.29:648][779]LogSavePackage: Moving '../../../../../../Users/jhamilton/Documents/Unreal Projects/MMC_Off_Recreation/Saved/Office_BuiltDataADF93C0842A4DCABA018C981BF3A9140.tmp' to '../../../../../../Users/jhamilton/Documents/Unreal Projects/MMC_Off_Recreation/Content/Maps/Office_BuiltData.uasset'
[2017.11.30-16.54.29:651][779]LogSavePackage: Display: Finished SavePackage ../../../../../../Users/jhamilton/Documents/Unreal Projects/MMC_Off_Recreation/Content/Maps/Office_BuiltData.uasset
[2017.11.30-16.56.27:741][334]LogEditor: Attempting to add actor of class 'VREditorDockableWindow' to level at -59.19,-302.49,469.74
[2017.11.30-16.56.29:987][573]LogEditor: Attempting to add actor of class 'VREditorDockableWindow' to level at -59.19,-302.49,469.74
[2017.11.30-16.57.46:133][833]LogActorFactory: Actor Factory created SM_WindowFrame
[2017.11.30-16.57.48:113][ 68]LogActorFactory: Actor Factory created SM_WindowFrame
[2017.11.30-16.58.47:651][183]LogEditorViewport: Clicking on Actor (context menu): StaticMeshActor (SM_WindowFrame)
[2017.11.30-16.58.49:916][401]Cmd: EDIT CUT
[2017.11.30-16.58.49:920][401]LogEditorActor: Deleted Actor: StaticMeshActor
[2017.11.30-16.58.49:928][401]LogEditorActor: Deleted 1 Actors (0.009 secs)
[2017.11.30-16.58.50:852][511]LogEditorViewport: Clicking Background
[2017.11.30-16.58.51:817][594]Cmd: OBJ SAVEPACKAGE PACKAGE="/Game/Maps/Office" FILE="../../../../../../Users/jhamilton/Documents/Unreal Projects/MMC_Off_Recreation/Content/Maps/Office.umap" SILENT=true AUTOSAVING=false KEEPDIRTY=false
[2017.11.30-16.58.52:101][594]LogSavePackage: Save=269.31ms
[2017.11.30-16.58.52:101][594]LogSavePackage: Moving '../../../../../../Users/jhamilton/Documents/Unreal Projects/MMC_Off_Recreation/Saved/OfficeDD92B0D843F81CA229130E9CA1877A60.tmp' to '../../../../../../Users/jhamilton/Documents/Unreal Projects/MMC_Off_Recreation/Content/Maps/Office.umap'
[2017.11.30-16.58.52:107][594]LogSavePackage: Display: Finished SavePackage ../../../../../../Users/jhamilton/Documents/Unreal Projects/MMC_Off_Recreation/Content/Maps/Office.umap
[2017.11.30-16.58.52:138][594]Cmd: OBJ SAVEPACKAGE PACKAGE="/Game/Maps/Office_BuiltData" FILE="../../../../../../Users/jhamilton/Documents/Unreal Projects/MMC_Off_Recreation/Content/Maps/Office_BuiltData.uasset" SILENT=true
[2017.11.30-16.58.52:174][594]LogSavePackage: Save=29.16ms
[2017.11.30-16.58.52:174][594]LogSavePackage: Moving '../../../../../../Users/jhamilton/Documents/Unreal Projects/MMC_Off_Recreation/Saved/Office_BuiltData7865C705438B9BA7C51BD6AB288D16DB.tmp' to '../../../../../../Users/jhamilton/Documents/Unreal Projects/MMC_Off_Recreation/Content/Maps/Office_BuiltData.uasset'
[2017.11.30-16.58.52:177][594]LogSavePackage: Display: Finished SavePackage ../../../../../../Users/jhamilton/Documents/Unreal Projects/MMC_Off_Recreation/Content/Maps/Office_BuiltData.uasset
