Log file open, 10/24/17 13:43:40
LogWindows: LoadLibraryWithSearchPaths failed for file aqProf.dll. GetLastError=0
LogWindows: LoadLibraryWithSearchPaths failed for file VtuneApi.dll. GetLastError=0
LogWindows: LoadLibraryWithSearchPaths failed for file VtuneApi32e.dll. GetLastError=0
LogInit: Display: Running engine for game: MMC_Off_Recreation
LogPlatformFile: Not using cached read wrapper
LogInit: Display: RandInit(1975847113) SRandInit(1975847113).
LogTaskGraph: Started task graph with 5 named threads and 14 total threads with 3 sets of task threads.
LogStats: Stats thread started at 0.155669
LogD3D11RHI: Aftermath initialized
LogPluginManager: Mounting plugin Paper2D
LogPluginManager: Mounting plugin LightPropagationVolume
LogPluginManager: Mounting plugin CodeLiteSourceCodeAccess
LogPluginManager: Mounting plugin GitSourceControl
LogPluginManager: Mounting plugin KDevelopSourceCodeAccess
LogPluginManager: Mounting plugin NullSourceCodeAccess
LogPluginManager: Mounting plugin PerforceSourceControl
LogPluginManager: Mounting plugin SubversionSourceControl
LogPluginManager: Mounting plugin UObjectPlugin
LogPluginManager: Mounting plugin VisualStudioSourceCodeAccess
LogPluginManager: Mounting plugin XCodeSourceCodeAccess
LogPluginManager: Mounting plugin AssetManagerEditor
LogPluginManager: Mounting plugin AudioCapture
LogPluginManager: Mounting plugin FacialAnimation
LogPluginManager: Mounting plugin GameplayTagsEditor
LogPluginManager: Mounting plugin MobileLauncherProfileWizard
LogPluginManager: Mounting plugin PluginBrowser
LogPluginManager: Mounting plugin SpeedTreeImporter
LogPluginManager: Mounting plugin AlembicImporter
LogPluginManager: Mounting plugin CharacterAI
LogPluginManager: Mounting plugin HTML5Networking
LogPluginManager: Mounting plugin AndroidMedia
LogPluginManager: Mounting plugin AvfMedia
LogPluginManager: Mounting plugin MediaPlayerEditor
LogPluginManager: Mounting plugin WmfMedia
LogPluginManager: Mounting plugin TcpMessaging
LogPluginManager: Mounting plugin UdpMessaging
LogPluginManager: Mounting plugin LevelSequenceEditor
LogPluginManager: Mounting plugin MatineeToLevelSequence
LogPluginManager: Mounting plugin OnlineSubsystemGooglePlay
LogPluginManager: Mounting plugin OnlineSubsystemIOS
LogPluginManager: Mounting plugin OnlineSubsystem
LogPluginManager: Mounting plugin OnlineSubsystemNull
LogPluginManager: Mounting plugin OnlineSubsystemUtils
LogPluginManager: Mounting plugin AndroidDeviceProfileSelector
LogPluginManager: Mounting plugin AndroidMoviePlayer
LogPluginManager: Mounting plugin AndroidPermission
LogPluginManager: Mounting plugin AppleMoviePlayer
LogPluginManager: Mounting plugin ArchVisCharacter
LogPluginManager: Mounting plugin CableComponent
LogPluginManager: Mounting plugin CustomMeshComponent
LogPluginManager: Mounting plugin ExampleDeviceProfileSelector
LogPluginManager: Mounting plugin GoogleCloudMessaging
LogPluginManager: Mounting plugin ImmediatePhysics
LogPluginManager: Mounting plugin IOSDeviceProfileSelector
LogPluginManager: Mounting plugin LinuxDeviceProfileSelector
LogPluginManager: Mounting plugin LocationServicesBPLibrary
LogPluginManager: Mounting plugin MobilePatchingUtils
LogPluginManager: Mounting plugin OculusVR
LogPluginManager: Mounting plugin PhysXVehicles
LogPluginManager: Mounting plugin ProceduralMeshComponent
LogPluginManager: Mounting plugin RuntimePhysXCooking
LogPluginManager: Mounting plugin SteamVR
LogPluginManager: Mounting plugin WindowsMoviePlayer
LogInit: Using libcurl 7.47.1
LogInit:  - built for x86_64-pc-win32
LogInit:  - supports SSL with OpenSSL/1.0.2g
LogInit:  - supports HTTP deflate (compression) using libz 1.2.8
LogInit:  - other features:
LogInit:      CURL_VERSION_SSL
LogInit:      CURL_VERSION_LIBZ
LogInit:      CURL_VERSION_IPV6
LogInit:      CURL_VERSION_ASYNCHDNS
LogInit:      CURL_VERSION_LARGEFILE
LogInit:      CURL_VERSION_IDN
LogInit:  CurlRequestOptions (configurable via config and command line):
LogInit:  - bVerifyPeer = false  - Libcurl will NOT verify peer certificate
LogInit:  - bUseHttpProxy = false  - Libcurl will NOT use HTTP proxy
LogInit:  - bDontReuseConnections = false  - Libcurl will reuse connections
LogInit:  - CertBundlePath = nullptr  - Libcurl will use whatever was configured at build time.
LogInit: Build: ++UE4+Release-4.17-CL-3586342
LogInit: Engine Version: 4.17.1-3586342+++UE4+Release-4.17
LogInit: Compatible Engine Version: 4.17.0-3573198+++UE4+Release-4.17
LogInit: Net CL: 3573198
LogDevObjectVersion: Number of dev versions registered: 16
LogDevObjectVersion:   Dev-Blueprints (B0D832E4-1F89-4F0D-ACCF-7EB736FD4AA2): 10
LogDevObjectVersion:   Dev-Build (E1C64328-A22C-4D53-A36C-8E866417BD8C): 0
LogDevObjectVersion:   Dev-Core (375EC13C-06E4-48FB-B500-84F0262A717E): 2
LogDevObjectVersion:   Dev-Editor (E4B068ED-F494-42E9-A231-DA0B2E46BB41): 20
LogDevObjectVersion:   Dev-Framework (CFFC743F-43B0-4480-9391-14DF171D2073): 28
LogDevObjectVersion:   Dev-Mobile (B02B49B5-BB20-44E9-A304-32B752E40360): 0
LogDevObjectVersion:   Dev-Networking (A4E4105C-59A1-49B5-A7C5-40C4547EDFEE): 0
LogDevObjectVersion:   Dev-Online (39C831C9-5AE6-47DC-9A44-9C173E1C8E7C): 0
LogDevObjectVersion:   Dev-Physics (78F01B33-EBEA-4F98-B9B4-84EACCB95AA2): 0
LogDevObjectVersion:   Dev-Platform (6631380F-2D4D-43E0-8009-CF276956A95A): 0
LogDevObjectVersion:   Dev-Rendering (12F88B9F-8875-4AFC-A67C-D90C383ABD29): 19
LogDevObjectVersion:   Dev-Sequencer (7B5AE74C-D270-4C10-A958-57980B212A5A): 4
LogDevObjectVersion:   Dev-VR (D7296918-1DD6-4BDD-9DE2-64A83CC13884): 0
LogDevObjectVersion:   Dev-LoadTimes (C2A15278-BFE7-4AFE-6C17-90FF531DF755): 1
LogDevObjectVersion:   Private-Geometry (6EACA3D4-40EC-4CC1-B786-8BED09428FC5): 1
LogDevObjectVersion:   Dev-AnimPhys (29E575DD-E0A3-4627-9D10-D276232CDCEA): 7
LogInit: Compiled (64-bit): Aug 15 2017 02:05:26
LogInit: Compiled with Visual C++: 19.00.24215.01
LogInit: Build Configuration: Development
LogInit: Branch Name: ++UE4+Release-4.17
LogInit: Command line:  
LogInit: Base directory: C:/Program Files (x86)/Epic Games/UE_4.17/Engine/Binaries/Win64/
LogInit: Installed Engine Build: 1
LogInit: Presizing for max 8388607 objects, including 0 objects not considered by GC, pre-allocating 0 bytes for permanent pool.
LogInit: Object subsystem initialized
[2017.10.24-17.43.40:972][  0]LogInit: Selected Device Profile: [Windows]
[2017.10.24-17.43.40:972][  0]LogInit: Applying CVar settings loaded from the selected device profile: [Windows]
[2017.10.24-17.43.40:983][  0]LogInit: Computer: HS-MT330-6
[2017.10.24-17.43.40:983][  0]LogInit: User: jhamilton
[2017.10.24-17.43.40:983][  0]LogInit: CPU Page size=4096, Cores=4
[2017.10.24-17.43.40:983][  0]LogInit: High frequency timer resolution =3.410097 MHz
[2017.10.24-17.43.40:983][  0]LogMemory: Memory total: Physical=15.9GB (16GB approx)
[2017.10.24-17.43.40:983][  0]LogMemory: Platform Memory Stats for Windows
[2017.10.24-17.43.40:983][  0]LogMemory: Process Physical Memory: 281.14 MB used, 281.14 MB peak
[2017.10.24-17.43.40:983][  0]LogMemory: Process Virtual Memory: 285.34 MB used, 285.34 MB peak
[2017.10.24-17.43.40:983][  0]LogMemory: Physical Memory: 14722.41 MB used,  1583.98 MB free, 16306.40 MB total
[2017.10.24-17.43.40:983][  0]LogMemory: Virtual Memory: 665.11 MB used,  1583.98 MB free, 8388608.00 MB total
[2017.10.24-17.43.41:131][  0]LogInit: Using OS detected language (en-US).
[2017.10.24-17.43.41:131][  0]LogInit: Using OS detected locale (en-US).
[2017.10.24-17.43.41:134][  0]LogTextLocalizationManager: No specific localization for 'en-US' exists, so the 'en' localization will be used.
[2017.10.24-17.43.41:762][  0]LogD3D11RHI: D3D11 adapters:
[2017.10.24-17.43.41:789][  0]LogD3D11RHI:    0. 'NVIDIA GeForce GTX 1070' (Feature Level 11_0)
[2017.10.24-17.43.41:789][  0]LogD3D11RHI:       8070/0/7897 MB DedicatedVideo/DedicatedSystem/SharedSystem, Outputs:2, VendorId:0x10de
[2017.10.24-17.43.41:789][  0]LogD3D11RHI: Chosen D3D11 Adapter: 0
[2017.10.24-17.43.41:793][  0]LogD3D11RHI: Creating new Direct3DDevice
[2017.10.24-17.43.41:793][  0]LogD3D11RHI:     GPU DeviceId: 0x1b81 (for the marketing name, search the web for "GPU Device Id")
[2017.10.24-17.43.41:793][  0]LogWindows: EnumDisplayDevices:
[2017.10.24-17.43.41:793][  0]LogWindows:    0. 'NVIDIA GeForce GTX 1070' (P:1 D:1)
[2017.10.24-17.43.41:793][  0]LogWindows:    1. 'NVIDIA GeForce GTX 1070' (P:0 D:1)
[2017.10.24-17.43.41:793][  0]LogWindows:    2. 'NVIDIA GeForce GTX 1070' (P:0 D:0)
[2017.10.24-17.43.41:794][  0]LogWindows:    3. 'NVIDIA GeForce GTX 1070' (P:0 D:0)
[2017.10.24-17.43.41:794][  0]LogWindows:    4. 'RDPDD Chained DD' (P:0 D:0)
[2017.10.24-17.43.41:794][  0]LogWindows:    5. 'RDP Encoder Mirror Driver' (P:0 D:0)
[2017.10.24-17.43.41:794][  0]LogWindows:    6. 'RDP Reflector Display Driver' (P:0 D:0)
[2017.10.24-17.43.41:794][  0]LogWindows: DebugString: GetVideoDriverDetailsInvalid PrimaryIsNotTheChoosenAdapter GetVideoDriverDetailsInvalid PrimaryIsNotTheChoosenAdapter GetVideoDriverDetailsInvalid PrimaryIsNotTheChoosenAdapter FoundDriverCount:4 
[2017.10.24-17.43.41:794][  0]LogD3D11RHI:     Adapter Name: NVIDIA GeForce GTX 1070
[2017.10.24-17.43.41:794][  0]LogD3D11RHI:   Driver Version: 384.94 (internal:22.21.13.8494, unified:384.94)
[2017.10.24-17.43.41:794][  0]LogD3D11RHI:      Driver Date: 7-18-2017
[2017.10.24-17.43.41:794][  0]LogRHI: Texture pool is 1361 MB (70% of 1945 MB)
[2017.10.24-17.43.41:804][  0]LogD3D11RHI: Async texture creation enabled
[2017.10.24-17.43.41:818][  0]LogD3D11RHI: GPU Timing Frequency: 1000.000000 (Debug: 2 2)
[2017.10.24-17.43.41:860][  0]LogShaderCompilers: Guid format shader working directory is -25 characters bigger than the processId version (../../../../../../Users/Public/Documents/Public Programs/MMC_Off_Recreation/Intermediate/Shaders/WorkingDirectory/2448/).
[2017.10.24-17.43.41:860][  0]LogShaderCompilers: Cleaned the shader compiler working directory 'C:/Users/jhamilton/AppData/Local/Temp/UnrealShaderWorkingDir/30D68A76442DEE84681F67824EE7704B/'.
[2017.10.24-17.43.41:860][  0]LogShaderCompilers: Display: Using Local Shader Compiler.
[2017.10.24-17.43.42:825][  0]LogTemp: Display: Loaded TP AllDesktopTargetPlatform
[2017.10.24-17.43.42:874][  0]LogTemp: Display: Loaded TP MacClientTargetPlatform
[2017.10.24-17.43.42:923][  0]LogTemp: Display: Loaded TP MacNoEditorTargetPlatform
[2017.10.24-17.43.42:972][  0]LogTemp: Display: Loaded TP MacServerTargetPlatform
[2017.10.24-17.43.43:021][  0]LogTemp: Display: Loaded TP MacTargetPlatform
[2017.10.24-17.43.43:069][  0]LogTemp: Display: Loaded TP WindowsClientTargetPlatform
[2017.10.24-17.43.43:120][  0]LogTemp: Display: Loaded TP WindowsNoEditorTargetPlatform
[2017.10.24-17.43.43:171][  0]LogTemp: Display: Loaded TP WindowsServerTargetPlatform
[2017.10.24-17.43.43:214][  0]LogTemp: Display: Loaded TP WindowsTargetPlatform
[2017.10.24-17.43.43:261][  0]LogTemp: Display: Loaded TP AndroidTargetPlatform
[2017.10.24-17.43.43:318][  0]LogTemp: Display: Loaded TP Android_ASTCTargetPlatform
[2017.10.24-17.43.43:365][  0]LogTemp: Display: Loaded TP Android_ATCTargetPlatform
[2017.10.24-17.43.43:412][  0]LogTemp: Display: Loaded TP Android_DXTTargetPlatform
[2017.10.24-17.43.43:459][  0]LogTemp: Display: Loaded TP Android_ETC1TargetPlatform
[2017.10.24-17.43.43:506][  0]LogTemp: Display: Loaded TP Android_ETC2TargetPlatform
[2017.10.24-17.43.43:602][  0]LogTemp: Display: Loaded TP Android_MultiTargetPlatform
[2017.10.24-17.43.43:602][  0]LogTemp: Display: Loaded TP Android_PVRTCTargetPlatform
[2017.10.24-17.43.43:639][  0]LogTemp: Display: Loaded TP HTML5TargetPlatform
[2017.10.24-17.43.43:723][  0]LogTemp: Display: Loaded TP IOSTargetPlatform
[2017.10.24-17.43.43:749][  0]LogTemp: Display: Loaded TP TVOSTargetPlatform
[2017.10.24-17.43.43:803][  0]LogTemp: Display: Loaded TP LinuxClientTargetPlatform
[2017.10.24-17.43.43:854][  0]LogTemp: Display: Loaded TP LinuxNoEditorTargetPlatform
[2017.10.24-17.43.43:901][  0]LogTemp: Display: Loaded TP LinuxServerTargetPlatform
[2017.10.24-17.43.43:948][  0]LogTemp: Display: Loaded TP LinuxTargetPlatform
[2017.10.24-17.43.43:948][  0]LogTargetPlatformManager: Display: Building Assets For Windows
[2017.10.24-17.43.44:355][  0]LogDerivedDataCache: Display: Max Cache Size: 512 MB
[2017.10.24-17.43.44:453][  0]LogDerivedDataCache: Loaded boot cache 0.10s 93MB C:/Users/jhamilton/AppData/Local/UnrealEngine/4.17/DerivedDataCache/Boot.ddc.
[2017.10.24-17.43.44:453][  0]LogDerivedDataCache: Display: Loaded Boot cache: C:/Users/jhamilton/AppData/Local/UnrealEngine/4.17/DerivedDataCache/Boot.ddc
[2017.10.24-17.43.44:453][  0]LogDerivedDataCache: FDerivedDataBackendGraph:  Pak pak cache file ../../../../../../Users/Public/Documents/Public Programs/MMC_Off_Recreation/DerivedDataCache/DDC.ddp not found, will not use a pak cache.
[2017.10.24-17.43.44:453][  0]LogDerivedDataCache: Unable to find inner node Pak for hierarchical cache Hierarchy.
[2017.10.24-17.43.44:453][  0]LogDerivedDataCache: FDerivedDataBackendGraph:  CompressedPak pak cache file ../../../../../../Users/Public/Documents/Public Programs/MMC_Off_Recreation/DerivedDataCache/Compressed.ddp not found, will not use a pak cache.
[2017.10.24-17.43.44:453][  0]LogDerivedDataCache: Unable to find inner node CompressedPak for hierarchical cache Hierarchy.
[2017.10.24-17.43.44:470][  0]LogDerivedDataCache: Display: Pak cache opened for reading ../../../Engine/DerivedDataCache/Compressed.ddp.
[2017.10.24-17.43.44:481][  0]LogDerivedDataCache: Using Local data cache path C:/Users/jhamilton/AppData/Local/UnrealEngine/Common/DerivedDataCache: Writable
[2017.10.24-17.43.44:491][  0]LogMaterial: Verifying Global Shaders for PCD3D_SM5
[2017.10.24-17.43.44:491][  0]LogSlate: Using Freetype 2.6.0
[2017.10.24-17.43.44:491][  0]LogSlate: SlateFontCache - WITH_FREETYPE: 1, WITH_HARFBUZZ: 1
[2017.10.24-17.43.44:491][  0]LogSlate: SlateFontCache - WITH_FREETYPE: 1, WITH_HARFBUZZ: 1
[2017.10.24-17.43.44:733][  0]LogAssetRegistry: FAssetRegistry took 0.0243 seconds to start up
[2017.10.24-17.43.44:890][  0]LogInit: Selected Device Profile: [Windows]
[2017.10.24-17.43.44:894][  0]LogContentStreaming: Texture pool size is 0.00 MB
[2017.10.24-17.43.45:251][  0]LogSimplygon: Simplygon DLL not present - disabling.
[2017.10.24-17.43.45:288][  0]LogMeshReduction: Using SimplygonSwarm for distributed automatic mesh merging
[2017.10.24-17.43.45:288][  0]LogMeshReduction: Using QuadricMeshReduction for automatic static mesh reduction
[2017.10.24-17.43.45:288][  0]LogMeshReduction: No automatic skeletal mesh reduction module available
[2017.10.24-17.43.45:288][  0]LogMeshReduction: No automatic mesh merging module available
[2017.10.24-17.43.45:288][  0]LogMeshMerging: No automatic mesh merging module available
[2017.10.24-17.43.45:615][  0]LogNetVersion: MMC_Off_Recreation , NetCL: 3573198, EngineNetVer: 2, GameNetVer: 0 (Checksum: 116792171)
[2017.10.24-17.43.45:796][  0]LogPackageLocalizationCache: Processed 5 localized package path(s) for 2 prioritized culture(s) in 0.034330 seconds
[2017.10.24-17.43.45:802][  0]LogUObjectArray: 35825 objects as part of root set at end of initial load.
[2017.10.24-17.43.45:802][  0]LogUObjectAllocator: 7529104 out of 0 bytes used by permanent object pool.
[2017.10.24-17.43.45:802][  0]LogUObjectArray: CloseDisregardForGC: 0/0 objects in disregard for GC pool
[2017.10.24-17.43.45:852][  0]LogInit: WinSock: version 1.1 (2.2), MaxSocks=32767, MaxUdp=65467
[2017.10.24-17.43.48:172][  0]LogTcpMessaging: Initializing TcpMessaging bridge
[2017.10.24-17.43.48:204][  0]LogUdpMessaging: Initializing bridge on interface 0.0.0.0:0 to multicast group 230.0.0.1:6666.
[2017.10.24-17.43.48:773][  0]LogMaterial: Uniform references updated for custom material expression Custom.
[2017.10.24-17.43.49:143][  0]SourceControl: Source control is disabled
[2017.10.24-17.43.49:144][  0]SourceControl: Source control is disabled
[2017.10.24-17.43.49:186][  0]SourceControl: Source control is disabled
[2017.10.24-17.43.49:228][  0]SourceControl: Source control is disabled
[2017.10.24-17.43.49:733][  0]LogAndroidPermission: UAndroidPermissionCallbackProxy::GetInstance
[2017.10.24-17.43.49:947][  0]LogOcInput: OculusInput pre-init called
[2017.10.24-17.43.50:175][  0]LogEngine: Initializing Engine...
[2017.10.24-17.43.50:176][  0]LogHMD: Failed to initialize OpenVR with code 110
[2017.10.24-17.43.50:402][  0]LogStats: UGameplayTagsManager::ConstructGameplayTagTree: Construct from data asset -  0.000 s
[2017.10.24-17.43.50:402][  0]LogStats: UGameplayTagsManager::ConstructGameplayTagTree: GameplayTagTreeChangedEvent.Broadcast -  0.000 s
[2017.10.24-17.43.50:521][  0]LogAIModule: Creating AISystem for world Untitled
[2017.10.24-17.43.50:530][  0]LogInit: XAudio2 using 'Speaker (High Definition Audio Device)' : 2 channels at 44.1 kHz using 16 bits per sample (channel mask 0x3)
[2017.10.24-17.43.50:545][  0]LogInit: FAudioDevice initialized.
[2017.10.24-17.43.50:811][  0]LogDerivedDataCache: Saved boot cache 0.27s 93MB C:/Users/jhamilton/AppData/Local/UnrealEngine/4.17/DerivedDataCache/Boot.ddc.
[2017.10.24-17.43.50:826][  0]LogInit: Texture streaming: Enabled
[2017.10.24-17.43.50:919][  0]LogEngineSessionManager: EngineSessionManager initialized
[2017.10.24-17.43.51:117][  0]LogInit: Transaction tracking system initialized
[2017.10.24-17.43.51:398][  0]BlueprintLog: New page: Editor Load
[2017.10.24-17.43.52:197][  0]LocalizationService: Localization service is disabled
[2017.10.24-17.43.52:817][  0]LogConsoleResponse: Display: 
[2017.10.24-17.43.52:977][  0]LogCook: Display: Max memory allowance for cook 16384mb min free memory 0mb
[2017.10.24-17.43.52:977][  0]LogCook: Display: Mobile HDR setting 1
[2017.10.24-17.43.52:977][  0]LogGameplayTags: Display: UGameplayTagsManager::DoneAddingNativeTags. DelegateIsBound: 0
[2017.10.24-17.43.53:309][  0]LogFileCache: Scanning file cache for directory 'C:/Users/Public/Documents/Public Programs/MMC_Off_Recreation/Content/' took 0.01s
[2017.10.24-17.43.53:897][  0]SourceControl: Source control is disabled
[2017.10.24-17.43.53:897][  0]Cmd: MAP LOAD FILE="../../../../../../Users/Public/Documents/Public Programs/MMC_Off_Recreation/Content/Maps/Office.umap" TEMPLATE=0 SHOWPROGRESS=1 FEATURELEVEL=3
[2017.10.24-17.43.53:898][  0]LightingResults: New page: Lighting Build
[2017.10.24-17.43.53:936][  0]MapCheck: New page: Map Check
[2017.10.24-17.43.53:936][  0]LightingResults: New page: Lighting Build
[2017.10.24-17.43.55:002][  0]LogMaterial: Missing cached shader map for material M_Brick_Clay_New, compiling. 
[2017.10.24-17.43.55:115][  0]LogMaterial: Missing cached shader map for material M_Basic_Floor, compiling. 
[2017.10.24-17.43.55:136][  0]LogAIModule: Creating AISystem for world Office
[2017.10.24-17.43.55:155][  0]LogEditorServer: Finished looking for orphan Actors (0.000 secs)
[2017.10.24-17.43.55:164][  0]Cmd: MAP CHECKDEP NOCLEARLOG
[2017.10.24-17.43.55:210][  0]MapCheck: Map check complete: 0 Error(s), 0 Warning(s), took 46.231ms to complete.
[2017.10.24-17.43.55:210][  0]LogFileHelpers: Loading map 'Office' took 1.313
[2017.10.24-17.43.55:385][  0]LogCollectionManager: Loaded 0 collections in 0.022535 seconds
[2017.10.24-17.43.55:468][  0]LogFileCache: Scanning file cache for directory 'C:/Users/Public/Documents/Public Programs/MMC_Off_Recreation/Saved/Collections/' took 0.01s
[2017.10.24-17.43.55:468][  0]LogFileCache: Scanning file cache for directory 'C:/Users/Public/Documents/Public Programs/MMC_Off_Recreation/Content/Developers/jhamilton/Collections/' took 0.01s
[2017.10.24-17.43.55:468][  0]LogFileCache: Scanning file cache for directory 'C:/Users/Public/Documents/Public Programs/MMC_Off_Recreation/Content/Collections/' took 0.01s
[2017.10.24-17.43.55:468][  0]LogCollectionManager: Rebuilt the GUID cache for 0 collections in 0.000000 seconds
[2017.10.24-17.43.55:476][  0]LogContentBrowser: Native class hierarchy populated in 0.0083 seconds. Added 2386 classes and 500 folders.
[2017.10.24-17.43.55:542][  0]LogContentBrowser: Native class hierarchy updated for 'WidgetCarousel' in 0.0006 seconds. Added 0 classes and 0 folders.
[2017.10.24-17.43.55:576][  0]LogContentBrowser: Native class hierarchy updated for 'AddContentDialog' in 0.0006 seconds. Added 0 classes and 0 folders.
[2017.10.24-17.43.55:622][  0]LogContentBrowser: Native class hierarchy updated for 'SceneOutliner' in 0.0006 seconds. Added 1 classes and 2 folders.
[2017.10.24-17.43.55:641][  0]LogSlate: Took 0.000175 seconds to synchronously load lazily loaded font '../../../Engine/Content/Slate/Fonts/Roboto-Regular.ttf' (155K)
[2017.10.24-17.43.55:643][  0]LogSlate: Took 0.000148 seconds to synchronously load lazily loaded font '../../../Engine/Content/Slate/Fonts/Roboto-Bold.ttf' (160K)
[2017.10.24-17.43.55:647][  0]LogSlate: Took 0.000151 seconds to synchronously load lazily loaded font '../../../Engine/Content/Editor/Slate/Fonts/FontAwesome.ttf' (139K)
[2017.10.24-17.43.55:777][  0]LogRenderer: Reallocating scene render targets to support 1616x808 Format 26 NumSamples 1 (Frame:1).
[2017.10.24-17.43.56:078][  0]LogContentBrowser: Native class hierarchy updated for 'HierarchicalLODOutliner' in 0.0006 seconds. Added 1 classes and 2 folders.
[2017.10.24-17.43.56:078][  0]LogLoad: (Engine Initialization) Total time: 16.46 seconds
[2017.10.24-17.43.56:078][  0]LogLoad: (Engine Initialization) Total Blueprint compile time: 0.00 seconds
[2017.10.24-17.43.56:078][  0]LogExternalProfiler: Found external profiler: VSPerf
[2017.10.24-17.43.56:078][  0]LogExternalProfiler: Using external profiler: VSPerf
[2017.10.24-17.43.56:106][  0]LogContentStreaming: Texture pool size now 1000 MB
[2017.10.24-17.43.56:146][  1]LogAssetRegistry: Asset discovery search completed in 11.4338 seconds
[2017.10.24-17.43.56:230][  1]LogAssetManager: Warning: Found Duplicate PrimaryAssetID Map:/Game/Maps/Office, this must be resolved before saving. Path /Game/Maps/Office.Office is replacing path /Game/Maps/Office_James.Office
[2017.10.24-17.43.58:251][  1]LogStats: FPlatformStackWalk::StackWalkAndDump -  2.022 s
[2017.10.24-17.43.58:251][  1]LogOutputDevice: Error: === Handled ensure: ===
[2017.10.24-17.43.58:251][  1]LogOutputDevice: Error: 
[2017.10.24-17.43.58:251][  1]LogOutputDevice: Error: Ensure condition failed: !OldData [File:D:\Build\++UE4+Release-4.17+Compile\Sync\Engine\Source\Runtime\Engine\Private\AssetManager.cpp] [Line: 446]
[2017.10.24-17.43.58:252][  1]LogOutputDevice: Error: Found Duplicate PrimaryAssetID Map:/Game/Maps/Office! Path /Game/Maps/Office.Office is replacing path /Game/Maps/Office_James.Office
[2017.10.24-17.43.58:252][  1]LogOutputDevice: Error: Stack: 
[2017.10.24-17.43.58:252][  1]LogOutputDevice: Error: UE4Editor-Core.dll!0x00000000CCC73606
[2017.10.24-17.43.58:252][  1]LogOutputDevice: Error: UE4Editor-Core.dll!0x00000000CC9FC2D2
[2017.10.24-17.43.58:252][  1]LogOutputDevice: Error: UE4Editor-Core.dll!0x00000000CCA14746
[2017.10.24-17.43.58:252][  1]LogOutputDevice: Error: UE4Editor-Engine.dll!0x00000000C9718FB1
[2017.10.24-17.43.58:252][  1]LogOutputDevice: Error: UE4Editor-Engine.dll!0x00000000C970ED41
[2017.10.24-17.43.58:252][  1]LogOutputDevice: Error: UE4Editor-Engine.dll!0x00000000C96F6C3D
[2017.10.24-17.43.58:252][  1]LogOutputDevice: Error: UE4Editor-Engine.dll!0x00000000C96D1BDF
[2017.10.24-17.43.58:252][  1]LogOutputDevice: Error: UE4Editor-AssetRegistry.dll!0x00000000DDB05F15
[2017.10.24-17.43.58:252][  1]LogOutputDevice: Error: UE4Editor-AssetRegistry.dll!0x00000000DDB3E416
[2017.10.24-17.43.58:252][  1]LogOutputDevice: Error: UE4Editor-UnrealEd.dll!0x00000000C669B68F
[2017.10.24-17.43.58:252][  1]LogOutputDevice: Error: UE4Editor-UnrealEd.dll!0x00000000C6F2CEE6
[2017.10.24-17.43.58:252][  1]LogOutputDevice: Error: UE4Editor.exe!0x000000003FB5534A
[2017.10.24-17.43.58:252][  1]LogOutputDevice: Error: UE4Editor.exe!0x000000003FB63970
[2017.10.24-17.43.58:252][  1]LogOutputDevice: Error: UE4Editor.exe!0x000000003FB639EA
[2017.10.24-17.43.58:252][  1]LogOutputDevice: Error: UE4Editor.exe!0x000000003FB702D9
[2017.10.24-17.43.58:252][  1]LogOutputDevice: Error: UE4Editor.exe!0x000000003FB71C47
[2017.10.24-17.43.58:252][  1]LogOutputDevice: Error: kernel32.dll!0x00000000773359CD
[2017.10.24-17.43.58:252][  1]LogOutputDevice: Error: ntdll.dll!0x000000007756A561
[2017.10.24-17.43.58:252][  1]LogOutputDevice: Error: 
[2017.10.24-17.43.58:260][  1]LogStats:                SubmitErrorReport -  0.000 s
[2017.10.24-17.44.09:623][  1]LogStats:                    SendNewReport - 11.364 s
[2017.10.24-17.44.09:623][  1]LogStats:             FDebug::EnsureFailed - 13.394 s
[2017.10.24-17.44.09:633][  1]LogCollectionManager: Rebuilt the object cache for 0 collections in 0.000001 seconds (found 0 objects)
[2017.10.24-17.44.09:633][  1]LogCollectionManager: Fixed up redirectors for 0 collections in 0.000046 seconds (updated 0 objects)
[2017.10.24-17.44.34:967][978]LogSlate: Took 0.000169 seconds to synchronously load lazily loaded font '../../../Engine/Content/Slate/Fonts/Roboto-Light.ttf' (159K)
[2017.10.24-17.44.34:981][978]Cmd: MAP LOAD FILE="../../../../../../Users/Public/Documents/Public Programs/MMC_Off_Recreation/Content/Maps/Office.umap" TEMPLATE=0 SHOWPROGRESS=1 FEATURELEVEL=3
[2017.10.24-17.44.34:982][978]LightingResults: New page: Lighting Build
[2017.10.24-17.44.34:982][978]LoadErrors: New page: Loading map: Office.umap
[2017.10.24-17.44.34:983][978]MapCheck: New page: Map Check
[2017.10.24-17.44.34:983][978]LightingResults: New page: Lighting Build
[2017.10.24-17.44.35:005][978]LogAIModule: Creating AISystem for world Office
[2017.10.24-17.44.35:007][978]LogEditorServer: Finished looking for orphan Actors (0.000 secs)
[2017.10.24-17.44.35:066][978]Cmd: MAP CHECKDEP NOCLEARLOG
[2017.10.24-17.44.35:113][978]MapCheck: Map check complete: 0 Error(s), 0 Warning(s), took 47.302ms to complete.
[2017.10.24-17.44.35:114][978]LogFileHelpers: Loading map 'Office' took 0.133
[2017.10.24-17.44.39:108][424]LogAIModule: Creating AISystem for world Office_James
[2017.10.24-17.44.39:120][424]LogUObjectGlobals: Warning: Failed to find object 'Object /Game/Maps/Office_James.Office'
[2017.10.24-17.44.53:947][936]Cmd: MAP LOAD FILE="../../../../../../Users/Public/Documents/Public Programs/MMC_Off_Recreation/Content/Maps/Office.umap" TEMPLATE=0 SHOWPROGRESS=1 FEATURELEVEL=3
[2017.10.24-17.44.53:947][936]LightingResults: New page: Lighting Build
[2017.10.24-17.44.53:948][936]LoadErrors: New page: Loading map: Office.umap
[2017.10.24-17.44.53:949][936]MapCheck: New page: Map Check
[2017.10.24-17.44.53:949][936]LightingResults: New page: Lighting Build
[2017.10.24-17.44.53:986][936]LogAIModule: Creating AISystem for world Office
[2017.10.24-17.44.53:992][936]LogEditorServer: Finished looking for orphan Actors (0.000 secs)
[2017.10.24-17.44.54:052][936]Cmd: MAP CHECKDEP NOCLEARLOG
[2017.10.24-17.44.54:100][936]MapCheck: Map check complete: 0 Error(s), 0 Warning(s), took 47.897ms to complete.
[2017.10.24-17.44.54:100][936]LogFileHelpers: Loading map 'Office' took 0.154
[2017.10.24-17.45.03:726][988]LogWindows: Windows GetLastError: The operation completed successfully. (0)
[2017.10.24-17.45.04:204][988]LogWindows: Error: === Critical error: ===
[2017.10.24-17.45.04:204][988]LogWindows: Error: 
[2017.10.24-17.45.04:204][988]LogWindows: Error: Fatal error: [File:D:\Build\++UE4+Release-4.17+Compile\Sync\Engine\Source\Runtime\CoreUObject\Private\UObject\Obj.cpp] [Line: 198] 
[2017.10.24-17.45.04:204][988]LogWindows: Error: Renaming an object (Package /Game/Maps/Office_BuiltData) on top of an existing object (Package /Game/Maps/Office_James_BuiltData) is not allowed
[2017.10.24-17.45.04:204][988]LogWindows: Error: 
[2017.10.24-17.45.04:204][988]LogWindows: Error: 
[2017.10.24-17.45.04:204][988]LogWindows: Error: KERNELBASE.dll!0x00000000FD36A06D
[2017.10.24-17.45.04:204][988]LogWindows: Error: UE4Editor-Core.dll!0x00000000CCC714B4
[2017.10.24-17.45.04:204][988]LogWindows: Error: UE4Editor-Core.dll!0x00000000CCA5AD5B
[2017.10.24-17.45.04:204][988]LogWindows: Error: UE4Editor-Core.dll!0x00000000CC9F0179
[2017.10.24-17.45.04:204][988]LogWindows: Error: UE4Editor-CoreUObject.dll!0x00000000D7543DA9
[2017.10.24-17.45.04:204][988]LogWindows: Error: UE4Editor-Engine.dll!0x00000000CA5E541B
[2017.10.24-17.45.04:204][988]LogWindows: Error: UE4Editor-Engine.dll!0x00000000CA5DEB7B
[2017.10.24-17.45.04:204][988]LogWindows: Error: UE4Editor-CoreUObject.dll!0x00000000D7513445
[2017.10.24-17.45.04:204][988]LogWindows: Error: UE4Editor-CoreUObject.dll!0x00000000D7539D08
[2017.10.24-17.45.04:204][988]LogWindows: Error: UE4Editor-CoreUObject.dll!0x00000000D751314A
[2017.10.24-17.45.04:204][988]LogWindows: Error: UE4Editor-CoreUObject.dll!0x00000000D7539D08
[2017.10.24-17.45.04:204][988]LogWindows: Error: UE4Editor-Engine.dll!0x00000000C94491B1
[2017.10.24-17.45.04:204][988]LogWindows: Error: UE4Editor-CoreUObject.dll!0x00000000D751314A
[2017.10.24-17.45.04:204][988]LogWindows: Error: UE4Editor-CoreUObject.dll!0x00000000D7539D08
[2017.10.24-17.45.04:204][988]LogWindows: Error: UE4Editor-CoreUObject.dll!0x00000000D751314A
[2017.10.24-17.45.04:204][988]LogWindows: Error: UE4Editor-CoreUObject.dll!0x00000000D75CB43C
[2017.10.24-17.45.04:204][988]LogWindows: Error: UE4Editor-CoreUObject.dll!0x00000000D75E1956
[2017.10.24-17.45.04:204][988]LogWindows: Error: UE4Editor-CoreUObject.dll!0x00000000D75E0EA2
[2017.10.24-17.45.04:204][988]LogWindows: Error: UE4Editor-CoreUObject.dll!0x00000000D75F5FC8
[2017.10.24-17.45.04:204][988]LogWindows: Error: UE4Editor-CoreUObject.dll!0x00000000D760013A
[2017.10.24-17.45.04:204][988]LogWindows: Error: UE4Editor-CoreUObject.dll!0x00000000D75FF8B2
[2017.10.24-17.45.04:204][988]LogWindows: Error: UE4Editor-ContentBrowser.dll!0x00000000B7BEED17
[2017.10.24-17.45.04:204][988]LogWindows: Error: UE4Editor-ContentBrowser.dll!0x00000000B7D3112F
[2017.10.24-17.45.04:204][988]LogWindows: Error: UE4Editor-ContentBrowser.dll!0x00000000B7CE3DA7
[2017.10.24-17.45.04:204][988]LogWindows: Error: UE4Editor-ContentBrowser.dll!0x00000000B7CEB637
[2017.10.24-17.45.04:204][988]LogWindows: Error: UE4Editor-ContentBrowser.dll!0x00000000B7D3B669
[2017.10.24-17.45.04:204][988]LogWindows: Error: UE4Editor-ContentBrowser.dll!0x00000000B7CE22F1
[2017.10.24-17.45.04:204][988]LogWindows: Error: UE4Editor-ContentBrowser.dll!0x00000000B7CEA43F
[2017.10.24-17.45.04:204][988]LogWindows: Error: UE4Editor-ContentBrowser.dll!0x00000000B7CE8148
[2017.10.24-17.45.04:204][988]LogWindows: Error: UE4Editor-ContentBrowser.dll!0x00000000B7D48150
[2017.10.24-17.45.04:204][988]LogWindows: Error: UE4Editor-ContentBrowser.dll!0x00000000B7D3B8CA
[2017.10.24-17.45.04:204][988]LogWindows: Error: UE4Editor-Slate.dll!0x00000000D7CF5F9E
[2017.10.24-17.45.04:204][988]LogWindows: Error: UE4Editor-Slate.dll!0x00000000D7CC6D9E
[2017.10.24-17.45.04:205][988]LogWindows: Error: UE4Editor-Slate.dll!0x00000000D7D5F7C4
[2017.10.24-17.45.04:205][988]LogWindows: Error: UE4Editor-Slate.dll!0x00000000D7D49092
[2017.10.24-17.45.04:205][988]LogWindows: Error: UE4Editor-Slate.dll!0x00000000D7D3AC40
[2017.10.24-17.45.04:205][988]LogWindows: Error: UE4Editor-Core.dll!0x00000000CCC4B377
[2017.10.24-17.45.04:205][988]LogWindows: Error: UE4Editor-Core.dll!0x00000000CCC33B51
[2017.10.24-17.45.04:205][988]LogWindows: Error: UE4Editor-Core.dll!0x00000000CCC4D22B
[2017.10.24-17.45.04:205][988]LogWindows: Error: UE4Editor-Core.dll!0x00000000CCC2ECB2
[2017.10.24-17.45.04:205][988]LogWindows: Error: USER32.dll!0x0000000077459BBD
[2017.10.24-17.45.04:205][988]LogWindows: Error: USER32.dll!0x00000000774598C2
[2017.10.24-17.45.04:205][988]LogWindows: Error: UE4Editor-Core.dll!0x00000000CCC4D936
[2017.10.24-17.45.04:205][988]LogWindows: Error: UE4Editor.exe!0x000000003FB54BE2
[2017.10.24-17.45.04:205][988]LogWindows: Error: UE4Editor.exe!0x000000003FB63970
[2017.10.24-17.45.04:205][988]LogWindows: Error: UE4Editor.exe!0x000000003FB639EA
[2017.10.24-17.45.04:205][988]LogWindows: Error: UE4Editor.exe!0x000000003FB702D9
[2017.10.24-17.45.04:205][988]LogWindows: Error: UE4Editor.exe!0x000000003FB71C47
[2017.10.24-17.45.04:205][988]LogWindows: Error: kernel32.dll!0x00000000773359CD
[2017.10.24-17.45.04:205][988]LogWindows: Error: ntdll.dll!0x000000007756A561
[2017.10.24-17.45.04:205][988]LogWindows: Error: ntdll.dll!0x000000007756A561
[2017.10.24-17.45.04:205][988]LogWindows: Error: 
[2017.10.24-17.45.04:215][988]LogExit: Executing StaticShutdownAfterError
[2017.10.24-17.45.04:218][988]LogWindows: FPlatformMisc::RequestExit(1)
[2017.10.24-17.45.04:218][988]Log file closed, 10/24/17 13:45:04
